[38;5;112m[Appium][0m Welcome to Appium v2.11.3
[38;5;112m[Appium][0m Non-default server args:
[38;5;112m[Appium][0m { basePath: [32m'/wd/hub'[39m, loglevel: [32m'info'[39m, port: [33m57379[39m }
[38;5;112m[Appium][0m Attempting to load driver uiautomator2...
[38;5;112m[Appium][0m Appium REST http interface listener started on http://0.0.0.0:57379/wd/hub
[38;5;112m[Appium][0m You can provide the following URLs in your client code to connect to this server:
	http://192.168.31.129:57379/wd/hub
	http://127.0.0.1:57379/wd/hub (only accessible from the same host)
[38;5;112m[Appium][0m Available drivers:
[38;5;112m[Appium][0m   - uiautomator2@3.7.7 (automationName 'UiAutomator2')
[38;5;112m[Appium][0m No plugins have been installed. Use the "appium plugin" command to install the one(s) you want to use.
[38;5;86m[HTTP][0m [37m-->[39m [37mGET[39m [37m/wd/hub/status[39m [90m{}[39m
[38;5;86m[HTTP][0m [37m<-- GET /wd/hub/status [39m[32m200[39m [90m8 ms - 111[39m [90m[39m
[38;5;86m[HTTP][0m [37m-->[39m [37mPOST[39m [37m/wd/hub/session[39m [90m{"desiredCapabilities":{"appium:systemPort":8255,"appium:udid":"b48830f","appium:autoGrantPermissions":true,"appium:newCommandTimeout":1800,"appium:platformName":"ANDROID","appium:appActivity":".Settings","appium:deviceName":"realme RMX3370 (Android 13)","platformName":"Android","appium:automationName":"uiautomator2","appium:platformVersion":"13","appium:appPackage":"com.android.settings"},"capabilities":{"firstMatch":[{"appium:appActivity":".Settings","appium:appPackage":"com.android.settings","appium:autoGrantPermissions":true,"appium:automationName":"uiautomator2","appium:deviceName":"realme RMX3370 (Android 13)","appium:newCommandTimeout":1800,"appium:platformName":"ANDROID","appium:platformVersion":"13","appium:systemPort":8255,"appium:udid":"b48830f","platformName":"android"}]}}[39m
[38;5;123m[BaseDriver][0m Ignoring capability 'appium:platformName=ANDROID' and using capability 'platformName=android'
[38;5;123m[BaseDriver][0m The capabilities ["platformName"] are standard capabilities and do not require "appium:" prefix
[38;5;112m[Appium][0m Attempting to find matching driver for automationName 'uiautomator2' and platformName 'android'
[38;5;112m[Appium][0m The 'uiautomator2' driver was installed and matched caps.
[38;5;112m[Appium][0m Will require it at C:\Users\VHI 4\.appium\node_modules\appium-uiautomator2-driver
[38;5;150m[AppiumDriver@14e6][0m Appium v2.11.3 creating new AndroidUiautomator2Driver (v3.7.7) session
[38;5;150m[AppiumDriver@14e6][0m Checking BaseDriver versions for Appium and AndroidUiautomator2Driver
[38;5;150m[AppiumDriver@14e6][0m Appium's BaseDriver version is 9.11.3
[38;5;150m[AppiumDriver@14e6][0m AndroidUiautomator2Driver's BaseDriver version is 9.11.3
[38;5;120m[6894dfc4][0m[38;5;-167m[AndroidUiautomator2Driver@b0c5][0m Session created with session id: 6894dfc4-b8cd-44bc-a7f3-0b36d624da58
[38;5;120m[6894dfc4][0m[38;5;229m[ADB][0m Found 1 'build-tools' folders under 'C:\Users\VHI 4\.katalon\tools\android_sdk' (newest first):
[38;5;120m[6894dfc4][0m[38;5;229m[ADB][0m     C:\Users\VHI 4\.katalon\tools\android_sdk\build-tools\29.0.3
[38;5;120m[6894dfc4][0m[38;5;229m[ADB][0m Using 'adb.exe' from 'C:\Users\VHI 4\.katalon\tools\android_sdk\platform-tools\adb.exe'
[38;5;120m[6894dfc4][0m[38;5;-167m[AndroidUiautomator2Driver@b0c5][0m Retrieving device list
[38;5;120m[6894dfc4][0m[38;5;-167m[AndroidUiautomator2Driver@b0c5][0m Using device: b48830f
[38;5;120m[6894dfc4][0m[38;5;229m[ADB][0m Using 'adb.exe' from 'C:\Users\VHI 4\.katalon\tools\android_sdk\platform-tools\adb.exe'
[38;5;120m[6894dfc4][0m[38;5;-167m[AndroidUiautomator2Driver@b0c5][0m Starting 'com.android.settings' directly on the device
[38;5;120m[6894dfc4][0m[38;5;229m[ADB][0m Getting device platform version
[38;5;120m[6894dfc4][0m[38;5;-167m[AndroidUiautomator2Driver@b0c5][0m Relaxing hidden api policy
[38;5;120m[6894dfc4][0m[38;5;-167m[AndroidUiautomator2Driver@b0c5][0m No app sent in, not parsing package/activity
[38;5;120m[6894dfc4][0m[38;5;229m[ADB][0m Using 'aapt2.exe' from 'C:\Users\VHI 4\.katalon\tools\android_sdk\build-tools\29.0.3\aapt2.exe'
[38;5;120m[6894dfc4][0m[38;5;-167m[AndroidUiautomator2Driver@b0c5][0m Server packages are not going to be (re)installed
[38;5;120m[6894dfc4][0m[38;5;229m[ADB][0m Adding packages ["io.appium.settings","io.appium.uiautomator2.server","io.appium.uiautomator2.server.test"] to Doze whitelist
[38;5;120m[6894dfc4][0m[38;5;-167m[AndroidUiautomator2Driver@b0c5][0m Starting UIAutomator2 server 7.0.22
[38;5;120m[6894dfc4][0m[38;5;-167m[AndroidUiautomator2Driver@b0c5][0m Using UIAutomator2 server from 'C:\Users\VHI 4\.appium\node_modules\appium-uiautomator2-driver\node_modules\appium-uiautomator2-server\apks\appium-uiautomator2-server-v7.0.22.apk' and test from 'C:\Users\VHI 4\.appium\node_modules\appium-uiautomator2-driver\node_modules\appium-uiautomator2-server\apks\appium-uiautomator2-server-debug-androidTest.apk'
[38;5;120m[6894dfc4][0m[38;5;-167m[AndroidUiautomator2Driver@b0c5][0m Waiting up to 30000ms for UiAutomator2 to be online...
[38;5;120m[6894dfc4][0m[38;5;-167m[AndroidUiautomator2Driver@b0c5][0m socket hang up
[38;5;120m[6894dfc4][0m[38;5;-167m[AndroidUiautomator2Driver@b0c5][0m socket hang up
[38;5;120m[6894dfc4][0m[38;5;-167m[AndroidUiautomator2Driver@b0c5][0m socket hang up
[38;5;120m[6894dfc4][0m[38;5;-167m[AndroidUiautomator2Driver@b0c5][0m Determined the downstream protocol as 'W3C'
[38;5;120m[6894dfc4][0m[38;5;-167m[AndroidUiautomator2Driver@b0c5][0m Screen already unlocked, doing nothing
[38;5;120m[6894dfc4][0m[38;5;-167m[AndroidUiautomator2Driver@b0c5][0m Starting 'com.android.settings/.Settings and waiting for 'com.android.settings/.Settings'
[38;5;120m[6894dfc4][0m[38;5;150m[AppiumDriver@14e6][0m New AndroidUiautomator2Driver session created successfully, session 6894dfc4-b8cd-44bc-a7f3-0b36d624da58 added to master session list
[38;5;120m[6894dfc4][0m[38;5;86m[HTTP][0m [37m<-- POST /wd/hub/session [39m[32m200[39m [90m5788 ms - 1065[39m [90m[39m
[38;5;120m[6894dfc4][0m[38;5;86m[HTTP][0m [37m-->[39m [37mGET[39m [37m/wd/hub/session/6894dfc4-b8cd-44bc-a7f3-0b36d624da58[39m [90m{}[39m
[38;5;120m[6894dfc4][0m[38;5;86m[HTTP][0m [37m<-- GET /wd/hub/session/6894dfc4-b8cd-44bc-a7f3-0b36d624da58 [39m[32m200[39m [90m14 ms - 306[39m [90m[39m
[38;5;120m[6894dfc4][0m[38;5;86m[HTTP][0m [37m-->[39m [37mGET[39m [37m/wd/hub/session/6894dfc4-b8cd-44bc-a7f3-0b36d624da58[39m [90m{}[39m
[38;5;120m[6894dfc4][0m[38;5;86m[HTTP][0m [37m<-- GET /wd/hub/session/6894dfc4-b8cd-44bc-a7f3-0b36d624da58 [39m[32m200[39m [90m29 ms - 306[39m [90m[39m
[38;5;86m[HTTP][0m [37m-->[39m [37mGET[39m [37m/wd/hub/status[39m [90m{}[39m
[38;5;86m[HTTP][0m [37m<-- GET /wd/hub/status [39m[32m200[39m [90m1 ms - 111[39m [90m[39m
[38;5;120m[6894dfc4][0m[38;5;86m[HTTP][0m [37m-->[39m [37mPOST[39m [37m/wd/hub/session/6894dfc4-b8cd-44bc-a7f3-0b36d624da58/timeouts[39m [90m{"implicit":30000}[39m
[38;5;120m[6894dfc4][0m[38;5;86m[HTTP][0m [37m<-- POST /wd/hub/session/6894dfc4-b8cd-44bc-a7f3-0b36d624da58/timeouts [39m[32m200[39m [90m2 ms - 14[39m [90m[39m
[38;5;120m[6894dfc4][0m[38;5;86m[HTTP][0m [37m-->[39m [37mGET[39m [37m/wd/hub/session/6894dfc4-b8cd-44bc-a7f3-0b36d624da58/appium/device/system_bars[39m [90m{}[39m
[38;5;120m[6894dfc4][0m[38;5;86m[HTTP][0m [37m<-- GET /wd/hub/session/6894dfc4-b8cd-44bc-a7f3-0b36d624da58/appium/device/system_bars [39m[32m200[39m [90m112 ms - 152[39m [90m[39m
[38;5;120m[6894dfc4][0m[38;5;86m[HTTP][0m [37m-->[39m [37mPOST[39m [37m/wd/hub/session/6894dfc4-b8cd-44bc-a7f3-0b36d624da58/appium/device/activate_app[39m [90m{"bundleId":"com.instagram.android"}[39m
[38;5;120m[6894dfc4][0m[38;5;86m[HTTP][0m [37m<-- POST /wd/hub/session/6894dfc4-b8cd-44bc-a7f3-0b36d624da58/appium/device/activate_app [39m[32m200[39m [90m146 ms - 14[39m [90m[39m
[38;5;120m[6894dfc4][0m[38;5;86m[HTTP][0m [37m-->[39m [37mPOST[39m [37m/wd/hub/session/6894dfc4-b8cd-44bc-a7f3-0b36d624da58/timeouts[39m [90m{"implicit":50}[39m
[38;5;120m[6894dfc4][0m[38;5;86m[HTTP][0m [37m<-- POST /wd/hub/session/6894dfc4-b8cd-44bc-a7f3-0b36d624da58/timeouts [39m[32m200[39m [90m2 ms - 14[39m [90m[39m
[38;5;120m[6894dfc4][0m[38;5;86m[HTTP][0m [37m-->[39m [37mGET[39m [37m/wd/hub/session/6894dfc4-b8cd-44bc-a7f3-0b36d624da58/window/rect[39m [90m{}[39m
[38;5;120m[6894dfc4][0m[38;5;86m[HTTP][0m [37m<-- GET /wd/hub/session/6894dfc4-b8cd-44bc-a7f3-0b36d624da58/window/rect [39m[32m200[39m [90m12 ms - 50[39m [90m[39m
[38;5;120m[6894dfc4][0m[38;5;86m[HTTP][0m [37m-->[39m [37mPOST[39m [37m/wd/hub/session/6894dfc4-b8cd-44bc-a7f3-0b36d624da58/elements[39m [90m{"using":"xpath","value":"//*[@class = 'android.view.View' and (@text = 'Log in to another account' or . = 'Log in to another account')]"}[39m
[38;5;120m[6894dfc4][0m[38;5;86m[HTTP][0m [37m<-- POST /wd/hub/session/6894dfc4-b8cd-44bc-a7f3-0b36d624da58/elements [39m[32m200[39m [90m1317 ms - 139[39m [90m[39m
[38;5;120m[6894dfc4][0m[38;5;86m[HTTP][0m [37m-->[39m [37mGET[39m [37m/wd/hub/session/6894dfc4-b8cd-44bc-a7f3-0b36d624da58/element/00000000-0000-0938-ffff-ffff00000465/location[39m [90m{}[39m
[38;5;120m[6894dfc4][0m[38;5;-167m[AndroidUiautomator2Driver@b0c5][0m Driver proxy active, passing request on via HTTP proxy
[38;5;120m[6894dfc4][0m[38;5;-167m[AndroidUiautomator2Driver@b0c5][0m Replacing sessionId 9e82faae-21cc-406f-b040-502869215d81 with 6894dfc4-b8cd-44bc-a7f3-0b36d624da58
[38;5;120m[6894dfc4][0m[38;5;86m[HTTP][0m [37m<-- GET /wd/hub/session/6894dfc4-b8cd-44bc-a7f3-0b36d624da58/element/00000000-0000-0938-ffff-ffff00000465/location [39m[32m200[39m [90m624 ms - 79[39m [90m[39m
[38;5;120m[6894dfc4][0m[38;5;86m[HTTP][0m [37m-->[39m [37mPOST[39m [37m/wd/hub/session/6894dfc4-b8cd-44bc-a7f3-0b36d624da58/timeouts[39m [90m{"implicit":30000}[39m
[38;5;120m[6894dfc4][0m[38;5;86m[HTTP][0m [37m<-- POST /wd/hub/session/6894dfc4-b8cd-44bc-a7f3-0b36d624da58/timeouts [39m[32m200[39m [90m1 ms - 14[39m [90m[39m
[38;5;120m[6894dfc4][0m[38;5;86m[HTTP][0m [37m-->[39m [37mPOST[39m [37m/wd/hub/session/6894dfc4-b8cd-44bc-a7f3-0b36d624da58/timeouts[39m [90m{"implicit":50}[39m
[38;5;120m[6894dfc4][0m[38;5;86m[HTTP][0m [37m<-- POST /wd/hub/session/6894dfc4-b8cd-44bc-a7f3-0b36d624da58/timeouts [39m[32m200[39m [90m1 ms - 14[39m [90m[39m
[38;5;120m[6894dfc4][0m[38;5;86m[HTTP][0m [37m-->[39m [37mGET[39m [37m/wd/hub/session/6894dfc4-b8cd-44bc-a7f3-0b36d624da58/window/rect[39m [90m{}[39m
[38;5;120m[6894dfc4][0m[38;5;86m[HTTP][0m [37m<-- GET /wd/hub/session/6894dfc4-b8cd-44bc-a7f3-0b36d624da58/window/rect [39m[32m200[39m [90m15 ms - 50[39m [90m[39m
[38;5;120m[6894dfc4][0m[38;5;86m[HTTP][0m [37m-->[39m [37mPOST[39m [37m/wd/hub/session/6894dfc4-b8cd-44bc-a7f3-0b36d624da58/elements[39m [90m{"using":"xpath","value":"//*[@class = 'android.view.View' and (@text = 'Log in to another account' or . = 'Log in to another account')]"}[39m
[38;5;120m[6894dfc4][0m[38;5;86m[HTTP][0m [37m<-- POST /wd/hub/session/6894dfc4-b8cd-44bc-a7f3-0b36d624da58/elements [39m[32m200[39m [90m152 ms - 139[39m [90m[39m
[38;5;120m[6894dfc4][0m[38;5;86m[HTTP][0m [37m-->[39m [37mGET[39m [37m/wd/hub/session/6894dfc4-b8cd-44bc-a7f3-0b36d624da58/element/00000000-0000-0938-ffff-ffff00000465/location[39m [90m{}[39m
[38;5;120m[6894dfc4][0m[38;5;-167m[AndroidUiautomator2Driver@b0c5][0m Driver proxy active, passing request on via HTTP proxy
[38;5;120m[6894dfc4][0m[38;5;-167m[AndroidUiautomator2Driver@b0c5][0m Replacing sessionId 9e82faae-21cc-406f-b040-502869215d81 with 6894dfc4-b8cd-44bc-a7f3-0b36d624da58
[38;5;120m[6894dfc4][0m[38;5;86m[HTTP][0m [37m<-- GET /wd/hub/session/6894dfc4-b8cd-44bc-a7f3-0b36d624da58/element/00000000-0000-0938-ffff-ffff00000465/location [39m[32m200[39m [90m21 ms - 79[39m [90m[39m
[38;5;120m[6894dfc4][0m[38;5;86m[HTTP][0m [37m-->[39m [37mPOST[39m [37m/wd/hub/session/6894dfc4-b8cd-44bc-a7f3-0b36d624da58/timeouts[39m [90m{"implicit":30000}[39m
[38;5;120m[6894dfc4][0m[38;5;86m[HTTP][0m [37m<-- POST /wd/hub/session/6894dfc4-b8cd-44bc-a7f3-0b36d624da58/timeouts [39m[32m200[39m [90m1 ms - 14[39m [90m[39m
[38;5;120m[6894dfc4][0m[38;5;86m[HTTP][0m [37m-->[39m [37mPOST[39m [37m/wd/hub/session/6894dfc4-b8cd-44bc-a7f3-0b36d624da58/element/00000000-0000-0938-ffff-ffff00000465/click[39m [90m{"id":"00000000-0000-0938-ffff-ffff00000465"}[39m
[38;5;120m[6894dfc4][0m[38;5;86m[HTTP][0m [37m<-- POST /wd/hub/session/6894dfc4-b8cd-44bc-a7f3-0b36d624da58/element/00000000-0000-0938-ffff-ffff00000465/click [39m[32m200[39m [90m870 ms - 14[39m [90m[39m
[38;5;120m[6894dfc4][0m[38;5;86m[HTTP][0m [37m-->[39m [37mPOST[39m [37m/wd/hub/session/6894dfc4-b8cd-44bc-a7f3-0b36d624da58/timeouts[39m [90m{"implicit":50}[39m
[38;5;120m[6894dfc4][0m[38;5;86m[HTTP][0m [37m<-- POST /wd/hub/session/6894dfc4-b8cd-44bc-a7f3-0b36d624da58/timeouts [39m[32m200[39m [90m2 ms - 14[39m [90m[39m
[38;5;120m[6894dfc4][0m[38;5;86m[HTTP][0m [37m-->[39m [37mGET[39m [37m/wd/hub/session/6894dfc4-b8cd-44bc-a7f3-0b36d624da58/window/rect[39m [90m{}[39m
[38;5;120m[6894dfc4][0m[38;5;86m[HTTP][0m [37m<-- GET /wd/hub/session/6894dfc4-b8cd-44bc-a7f3-0b36d624da58/window/rect [39m[32m200[39m [90m18 ms - 50[39m [90m[39m
[38;5;120m[6894dfc4][0m[38;5;86m[HTTP][0m [37m-->[39m [37mPOST[39m [37m/wd/hub/session/6894dfc4-b8cd-44bc-a7f3-0b36d624da58/elements[39m [90m{"using":"xpath","value":"//*[@class = 'android.widget.Button' and (@text = 'NONE OF THE ABOVE' or . = 'NONE OF THE ABOVE') and @resource-id = 'com.google.android.gms:id/cancel']"}[39m
[38;5;120m[6894dfc4][0m[38;5;86m[HTTP][0m [37m<-- POST /wd/hub/session/6894dfc4-b8cd-44bc-a7f3-0b36d624da58/elements [39m[32m200[39m [90m111 ms - 12[39m [90m[39m
[38;5;120m[6894dfc4][0m[38;5;86m[HTTP][0m [37m-->[39m [37mPOST[39m [37m/wd/hub/session/6894dfc4-b8cd-44bc-a7f3-0b36d624da58/elements[39m [90m{"using":"xpath","value":"//*[@class = 'android.widget.Button' and (@text = 'NONE OF THE ABOVE' or . = 'NONE OF THE ABOVE') and @resource-id = 'com.google.android.gms:id/cancel']"}[39m
[38;5;120m[6894dfc4][0m[38;5;86m[HTTP][0m [37m<-- POST /wd/hub/session/6894dfc4-b8cd-44bc-a7f3-0b36d624da58/elements [39m[32m200[39m [90m109 ms - 12[39m [90m[39m
[38;5;120m[6894dfc4][0m[38;5;86m[HTTP][0m [37m-->[39m [37mPOST[39m [37m/wd/hub/session/6894dfc4-b8cd-44bc-a7f3-0b36d624da58/elements[39m [90m{"using":"xpath","value":"//*[@class = 'android.widget.Button' and (@text = 'NONE OF THE ABOVE' or . = 'NONE OF THE ABOVE') and @resource-id = 'com.google.android.gms:id/cancel']"}[39m
[38;5;120m[6894dfc4][0m[38;5;86m[HTTP][0m [37m<-- POST /wd/hub/session/6894dfc4-b8cd-44bc-a7f3-0b36d624da58/elements [39m[32m200[39m [90m107 ms - 12[39m [90m[39m
[38;5;120m[6894dfc4][0m[38;5;86m[HTTP][0m [37m-->[39m [37mPOST[39m [37m/wd/hub/session/6894dfc4-b8cd-44bc-a7f3-0b36d624da58/elements[39m [90m{"using":"xpath","value":"//*[@class = 'android.widget.Button' and (@text = 'NONE OF THE ABOVE' or . = 'NONE OF THE ABOVE') and @resource-id = 'com.google.android.gms:id/cancel']"}[39m
[38;5;120m[6894dfc4][0m[38;5;86m[HTTP][0m [37m<-- POST /wd/hub/session/6894dfc4-b8cd-44bc-a7f3-0b36d624da58/elements [39m[32m200[39m [90m98 ms - 12[39m [90m[39m
[38;5;120m[6894dfc4][0m[38;5;86m[HTTP][0m [37m-->[39m [37mPOST[39m [37m/wd/hub/session/6894dfc4-b8cd-44bc-a7f3-0b36d624da58/elements[39m [90m{"using":"xpath","value":"//*[@class = 'android.widget.Button' and (@text = 'NONE OF THE ABOVE' or . = 'NONE OF THE ABOVE') and @resource-id = 'com.google.android.gms:id/cancel']"}[39m
[38;5;120m[6894dfc4][0m[38;5;86m[HTTP][0m [37m<-- POST /wd/hub/session/6894dfc4-b8cd-44bc-a7f3-0b36d624da58/elements [39m[32m200[39m [90m103 ms - 12[39m [90m[39m
[38;5;120m[6894dfc4][0m[38;5;86m[HTTP][0m [37m-->[39m [37mPOST[39m [37m/wd/hub/session/6894dfc4-b8cd-44bc-a7f3-0b36d624da58/elements[39m [90m{"using":"xpath","value":"//*[@class = 'android.widget.Button' and (@text = 'NONE OF THE ABOVE' or . = 'NONE OF THE ABOVE') and @resource-id = 'com.google.android.gms:id/cancel']"}[39m
[38;5;120m[6894dfc4][0m[38;5;86m[HTTP][0m [37m<-- POST /wd/hub/session/6894dfc4-b8cd-44bc-a7f3-0b36d624da58/elements [39m[32m200[39m [90m99 ms - 12[39m [90m[39m
[38;5;120m[6894dfc4][0m[38;5;86m[HTTP][0m [37m-->[39m [37mPOST[39m [37m/wd/hub/session/6894dfc4-b8cd-44bc-a7f3-0b36d624da58/elements[39m [90m{"using":"xpath","value":"//*[@class = 'android.widget.Button' and (@text = 'NONE OF THE ABOVE' or . = 'NONE OF THE ABOVE') and @resource-id = 'com.google.android.gms:id/cancel']"}[39m
[38;5;120m[6894dfc4][0m[38;5;86m[HTTP][0m [37m<-- POST /wd/hub/session/6894dfc4-b8cd-44bc-a7f3-0b36d624da58/elements [39m[32m200[39m [90m125 ms - 12[39m [90m[39m
[38;5;120m[6894dfc4][0m[38;5;86m[HTTP][0m [37m-->[39m [37mPOST[39m [37m/wd/hub/session/6894dfc4-b8cd-44bc-a7f3-0b36d624da58/elements[39m [90m{"using":"xpath","value":"//*[@class = 'android.widget.Button' and (@text = 'NONE OF THE ABOVE' or . = 'NONE OF THE ABOVE') and @resource-id = 'com.google.android.gms:id/cancel']"}[39m
[38;5;120m[6894dfc4][0m[38;5;86m[HTTP][0m [37m<-- POST /wd/hub/session/6894dfc4-b8cd-44bc-a7f3-0b36d624da58/elements [39m[32m200[39m [90m98 ms - 12[39m [90m[39m
[38;5;120m[6894dfc4][0m[38;5;86m[HTTP][0m [37m-->[39m [37mPOST[39m [37m/wd/hub/session/6894dfc4-b8cd-44bc-a7f3-0b36d624da58/elements[39m [90m{"using":"xpath","value":"//*[@class = 'android.widget.Button' and (@text = 'NONE OF THE ABOVE' or . = 'NONE OF THE ABOVE') and @resource-id = 'com.google.android.gms:id/cancel']"}[39m
[38;5;120m[6894dfc4][0m[38;5;86m[HTTP][0m [37m<-- POST /wd/hub/session/6894dfc4-b8cd-44bc-a7f3-0b36d624da58/elements [39m[32m200[39m [90m116 ms - 12[39m [90m[39m
[38;5;120m[6894dfc4][0m[38;5;86m[HTTP][0m [37m-->[39m [37mPOST[39m [37m/wd/hub/session/6894dfc4-b8cd-44bc-a7f3-0b36d624da58/elements[39m [90m{"using":"xpath","value":"//*[@class = 'android.widget.Button' and (@text = 'NONE OF THE ABOVE' or . = 'NONE OF THE ABOVE') and @resource-id = 'com.google.android.gms:id/cancel']"}[39m
[38;5;120m[6894dfc4][0m[38;5;86m[HTTP][0m [37m<-- POST /wd/hub/session/6894dfc4-b8cd-44bc-a7f3-0b36d624da58/elements [39m[32m200[39m [90m123 ms - 12[39m [90m[39m
[38;5;120m[6894dfc4][0m[38;5;86m[HTTP][0m [37m-->[39m [37mPOST[39m [37m/wd/hub/session/6894dfc4-b8cd-44bc-a7f3-0b36d624da58/elements[39m [90m{"using":"xpath","value":"//*[@class = 'android.widget.Button' and (@text = 'NONE OF THE ABOVE' or . = 'NONE OF THE ABOVE') and @resource-id = 'com.google.android.gms:id/cancel']"}[39m
[38;5;120m[6894dfc4][0m[38;5;86m[HTTP][0m [37m<-- POST /wd/hub/session/6894dfc4-b8cd-44bc-a7f3-0b36d624da58/elements [39m[32m200[39m [90m97 ms - 12[39m [90m[39m
[38;5;120m[6894dfc4][0m[38;5;86m[HTTP][0m [37m-->[39m [37mPOST[39m [37m/wd/hub/session/6894dfc4-b8cd-44bc-a7f3-0b36d624da58/elements[39m [90m{"using":"xpath","value":"//*[@class = 'android.widget.Button' and (@text = 'NONE OF THE ABOVE' or . = 'NONE OF THE ABOVE') and @resource-id = 'com.google.android.gms:id/cancel']"}[39m
[38;5;120m[6894dfc4][0m[38;5;86m[HTTP][0m [37m<-- POST /wd/hub/session/6894dfc4-b8cd-44bc-a7f3-0b36d624da58/elements [39m[32m200[39m [90m105 ms - 12[39m [90m[39m
[38;5;120m[6894dfc4][0m[38;5;86m[HTTP][0m [37m-->[39m [37mPOST[39m [37m/wd/hub/session/6894dfc4-b8cd-44bc-a7f3-0b36d624da58/elements[39m [90m{"using":"xpath","value":"//*[@class = 'android.widget.Button' and (@text = 'NONE OF THE ABOVE' or . = 'NONE OF THE ABOVE') and @resource-id = 'com.google.android.gms:id/cancel']"}[39m
[38;5;120m[6894dfc4][0m[38;5;86m[HTTP][0m [37m<-- POST /wd/hub/session/6894dfc4-b8cd-44bc-a7f3-0b36d624da58/elements [39m[32m200[39m [90m92 ms - 12[39m [90m[39m
[38;5;120m[6894dfc4][0m[38;5;86m[HTTP][0m [37m-->[39m [37mPOST[39m [37m/wd/hub/session/6894dfc4-b8cd-44bc-a7f3-0b36d624da58/elements[39m [90m{"using":"xpath","value":"//*[@class = 'android.widget.Button' and (@text = 'NONE OF THE ABOVE' or . = 'NONE OF THE ABOVE') and @resource-id = 'com.google.android.gms:id/cancel']"}[39m
[38;5;120m[6894dfc4][0m[38;5;86m[HTTP][0m [37m<-- POST /wd/hub/session/6894dfc4-b8cd-44bc-a7f3-0b36d624da58/elements [39m[32m200[39m [90m1660 ms - 139[39m [90m[39m
[38;5;120m[6894dfc4][0m[38;5;86m[HTTP][0m [37m-->[39m [37mGET[39m [37m/wd/hub/session/6894dfc4-b8cd-44bc-a7f3-0b36d624da58/element/00000000-0000-0944-ffff-ffff00000018/location[39m [90m{}[39m
[38;5;120m[6894dfc4][0m[38;5;-167m[AndroidUiautomator2Driver@b0c5][0m Driver proxy active, passing request on via HTTP proxy
[38;5;120m[6894dfc4][0m[38;5;-167m[AndroidUiautomator2Driver@b0c5][0m Replacing sessionId 9e82faae-21cc-406f-b040-502869215d81 with 6894dfc4-b8cd-44bc-a7f3-0b36d624da58
[38;5;120m[6894dfc4][0m[38;5;86m[HTTP][0m [37m<-- GET /wd/hub/session/6894dfc4-b8cd-44bc-a7f3-0b36d624da58/element/00000000-0000-0944-ffff-ffff00000018/location [39m[32m200[39m [90m21 ms - 79[39m [90m[39m
[38;5;120m[6894dfc4][0m[38;5;86m[HTTP][0m [37m-->[39m [37mPOST[39m [37m/wd/hub/session/6894dfc4-b8cd-44bc-a7f3-0b36d624da58/timeouts[39m [90m{"implicit":30000}[39m
[38;5;120m[6894dfc4][0m[38;5;86m[HTTP][0m [37m<-- POST /wd/hub/session/6894dfc4-b8cd-44bc-a7f3-0b36d624da58/timeouts [39m[32m200[39m [90m1 ms - 14[39m [90m[39m
[38;5;120m[6894dfc4][0m[38;5;86m[HTTP][0m [37m-->[39m [37mPOST[39m [37m/wd/hub/session/6894dfc4-b8cd-44bc-a7f3-0b36d624da58/timeouts[39m [90m{"implicit":50}[39m
[38;5;120m[6894dfc4][0m[38;5;86m[HTTP][0m [37m<-- POST /wd/hub/session/6894dfc4-b8cd-44bc-a7f3-0b36d624da58/timeouts [39m[32m200[39m [90m1 ms - 14[39m [90m[39m
[38;5;120m[6894dfc4][0m[38;5;86m[HTTP][0m [37m-->[39m [37mGET[39m [37m/wd/hub/session/6894dfc4-b8cd-44bc-a7f3-0b36d624da58/window/rect[39m [90m{}[39m
[38;5;120m[6894dfc4][0m[38;5;86m[HTTP][0m [37m<-- GET /wd/hub/session/6894dfc4-b8cd-44bc-a7f3-0b36d624da58/window/rect [39m[32m200[39m [90m9 ms - 50[39m [90m[39m
[38;5;120m[6894dfc4][0m[38;5;86m[HTTP][0m [37m-->[39m [37mPOST[39m [37m/wd/hub/session/6894dfc4-b8cd-44bc-a7f3-0b36d624da58/elements[39m [90m{"using":"xpath","value":"//*[@class = 'android.widget.Button' and (@text = 'NONE OF THE ABOVE' or . = 'NONE OF THE ABOVE') and @resource-id = 'com.google.android.gms:id/cancel']"}[39m
[38;5;120m[6894dfc4][0m[38;5;86m[HTTP][0m [37m<-- POST /wd/hub/session/6894dfc4-b8cd-44bc-a7f3-0b36d624da58/elements [39m[32m200[39m [90m86 ms - 139[39m [90m[39m
[38;5;120m[6894dfc4][0m[38;5;86m[HTTP][0m [37m-->[39m [37mGET[39m [37m/wd/hub/session/6894dfc4-b8cd-44bc-a7f3-0b36d624da58/element/00000000-0000-0944-ffff-ffff00000018/location[39m [90m{}[39m
[38;5;120m[6894dfc4][0m[38;5;-167m[AndroidUiautomator2Driver@b0c5][0m Driver proxy active, passing request on via HTTP proxy
[38;5;120m[6894dfc4][0m[38;5;-167m[AndroidUiautomator2Driver@b0c5][0m Replacing sessionId 9e82faae-21cc-406f-b040-502869215d81 with 6894dfc4-b8cd-44bc-a7f3-0b36d624da58
[38;5;120m[6894dfc4][0m[38;5;86m[HTTP][0m [37m<-- GET /wd/hub/session/6894dfc4-b8cd-44bc-a7f3-0b36d624da58/element/00000000-0000-0944-ffff-ffff00000018/location [39m[32m200[39m [90m22 ms - 79[39m [90m[39m
[38;5;120m[6894dfc4][0m[38;5;86m[HTTP][0m [37m-->[39m [37mPOST[39m [37m/wd/hub/session/6894dfc4-b8cd-44bc-a7f3-0b36d624da58/timeouts[39m [90m{"implicit":30000}[39m
[38;5;120m[6894dfc4][0m[38;5;86m[HTTP][0m [37m<-- POST /wd/hub/session/6894dfc4-b8cd-44bc-a7f3-0b36d624da58/timeouts [39m[32m200[39m [90m1 ms - 14[39m [90m[39m
[38;5;120m[6894dfc4][0m[38;5;86m[HTTP][0m [37m-->[39m [37mPOST[39m [37m/wd/hub/session/6894dfc4-b8cd-44bc-a7f3-0b36d624da58/element/00000000-0000-0944-ffff-ffff00000018/click[39m [90m{"id":"00000000-0000-0944-ffff-ffff00000018"}[39m
[38;5;120m[6894dfc4][0m[38;5;86m[HTTP][0m [37m<-- POST /wd/hub/session/6894dfc4-b8cd-44bc-a7f3-0b36d624da58/element/00000000-0000-0944-ffff-ffff00000018/click [39m[32m200[39m [90m45 ms - 14[39m [90m[39m
[38;5;120m[6894dfc4][0m[38;5;86m[HTTP][0m [37m-->[39m [37mPOST[39m [37m/wd/hub/session/6894dfc4-b8cd-44bc-a7f3-0b36d624da58/timeouts[39m [90m{"implicit":50}[39m
[38;5;120m[6894dfc4][0m[38;5;86m[HTTP][0m [37m<-- POST /wd/hub/session/6894dfc4-b8cd-44bc-a7f3-0b36d624da58/timeouts [39m[32m200[39m [90m1 ms - 14[39m [90m[39m
[38;5;120m[6894dfc4][0m[38;5;86m[HTTP][0m [37m-->[39m [37mGET[39m [37m/wd/hub/session/6894dfc4-b8cd-44bc-a7f3-0b36d624da58/window/rect[39m [90m{}[39m
[38;5;120m[6894dfc4][0m[38;5;86m[HTTP][0m [37m<-- GET /wd/hub/session/6894dfc4-b8cd-44bc-a7f3-0b36d624da58/window/rect [39m[32m200[39m [90m27 ms - 50[39m [90m[39m
[38;5;120m[6894dfc4][0m[38;5;86m[HTTP][0m [37m-->[39m [37mPOST[39m [37m/wd/hub/session/6894dfc4-b8cd-44bc-a7f3-0b36d624da58/elements[39m [90m{"using":"xpath","value":"//*[@class = 'android.view.View' and (@text = 'Username, email address or mobile number' or . = 'Username, email address or mobile number')]"}[39m
[38;5;120m[6894dfc4][0m[38;5;86m[HTTP][0m [37m<-- POST /wd/hub/session/6894dfc4-b8cd-44bc-a7f3-0b36d624da58/elements [39m[32m200[39m [90m99 ms - 139[39m [90m[39m
[38;5;120m[6894dfc4][0m[38;5;86m[HTTP][0m [37m-->[39m [37mGET[39m [37m/wd/hub/session/6894dfc4-b8cd-44bc-a7f3-0b36d624da58/element/00000000-0000-0938-ffff-ffff00000488/location[39m [90m{}[39m
[38;5;120m[6894dfc4][0m[38;5;-167m[AndroidUiautomator2Driver@b0c5][0m Driver proxy active, passing request on via HTTP proxy
[38;5;120m[6894dfc4][0m[38;5;-167m[AndroidUiautomator2Driver@b0c5][0m Replacing sessionId 9e82faae-21cc-406f-b040-502869215d81 with 6894dfc4-b8cd-44bc-a7f3-0b36d624da58
[38;5;120m[6894dfc4][0m[38;5;86m[HTTP][0m [37m<-- GET /wd/hub/session/6894dfc4-b8cd-44bc-a7f3-0b36d624da58/element/00000000-0000-0938-ffff-ffff00000488/location [39m[32m200[39m [90m534 ms - 78[39m [90m[39m
[38;5;120m[6894dfc4][0m[38;5;86m[HTTP][0m [37m-->[39m [37mPOST[39m [37m/wd/hub/session/6894dfc4-b8cd-44bc-a7f3-0b36d624da58/timeouts[39m [90m{"implicit":30000}[39m
[38;5;120m[6894dfc4][0m[38;5;86m[HTTP][0m [37m<-- POST /wd/hub/session/6894dfc4-b8cd-44bc-a7f3-0b36d624da58/timeouts [39m[32m200[39m [90m2 ms - 14[39m [90m[39m
[38;5;120m[6894dfc4][0m[38;5;86m[HTTP][0m [37m-->[39m [37mPOST[39m [37m/wd/hub/session/6894dfc4-b8cd-44bc-a7f3-0b36d624da58/timeouts[39m [90m{"implicit":50}[39m
[38;5;120m[6894dfc4][0m[38;5;86m[HTTP][0m [37m<-- POST /wd/hub/session/6894dfc4-b8cd-44bc-a7f3-0b36d624da58/timeouts [39m[32m200[39m [90m2 ms - 14[39m [90m[39m
[38;5;120m[6894dfc4][0m[38;5;86m[HTTP][0m [37m-->[39m [37mGET[39m [37m/wd/hub/session/6894dfc4-b8cd-44bc-a7f3-0b36d624da58/window/rect[39m [90m{}[39m
[38;5;120m[6894dfc4][0m[38;5;86m[HTTP][0m [37m<-- GET /wd/hub/session/6894dfc4-b8cd-44bc-a7f3-0b36d624da58/window/rect [39m[32m200[39m [90m23 ms - 50[39m [90m[39m
[38;5;120m[6894dfc4][0m[38;5;86m[HTTP][0m [37m-->[39m [37mPOST[39m [37m/wd/hub/session/6894dfc4-b8cd-44bc-a7f3-0b36d624da58/elements[39m [90m{"using":"xpath","value":"//*[@class = 'android.view.View' and (@text = 'Username, email address or mobile number' or . = 'Username, email address or mobile number')]"}[39m
[38;5;120m[6894dfc4][0m[38;5;86m[HTTP][0m [37m<-- POST /wd/hub/session/6894dfc4-b8cd-44bc-a7f3-0b36d624da58/elements [39m[32m200[39m [90m110 ms - 139[39m [90m[39m
[38;5;120m[6894dfc4][0m[38;5;86m[HTTP][0m [37m-->[39m [37mGET[39m [37m/wd/hub/session/6894dfc4-b8cd-44bc-a7f3-0b36d624da58/element/00000000-0000-0938-ffff-ffff00000488/location[39m [90m{}[39m
[38;5;120m[6894dfc4][0m[38;5;-167m[AndroidUiautomator2Driver@b0c5][0m Driver proxy active, passing request on via HTTP proxy
[38;5;120m[6894dfc4][0m[38;5;-167m[AndroidUiautomator2Driver@b0c5][0m Replacing sessionId 9e82faae-21cc-406f-b040-502869215d81 with 6894dfc4-b8cd-44bc-a7f3-0b36d624da58
[38;5;120m[6894dfc4][0m[38;5;86m[HTTP][0m [37m<-- GET /wd/hub/session/6894dfc4-b8cd-44bc-a7f3-0b36d624da58/element/00000000-0000-0938-ffff-ffff00000488/location [39m[32m200[39m [90m43 ms - 78[39m [90m[39m
[38;5;120m[6894dfc4][0m[38;5;86m[HTTP][0m [37m-->[39m [37mPOST[39m [37m/wd/hub/session/6894dfc4-b8cd-44bc-a7f3-0b36d624da58/timeouts[39m [90m{"implicit":30000}[39m
[38;5;120m[6894dfc4][0m[38;5;86m[HTTP][0m [37m<-- POST /wd/hub/session/6894dfc4-b8cd-44bc-a7f3-0b36d624da58/timeouts [39m[32m200[39m [90m1 ms - 14[39m [90m[39m
[38;5;120m[6894dfc4][0m[38;5;86m[HTTP][0m [37m-->[39m [37mPOST[39m [37m/wd/hub/session/6894dfc4-b8cd-44bc-a7f3-0b36d624da58/element/00000000-0000-0938-ffff-ffff00000488/click[39m [90m{"id":"00000000-0000-0938-ffff-ffff00000488"}[39m
[38;5;120m[6894dfc4][0m[38;5;86m[HTTP][0m [37m<-- POST /wd/hub/session/6894dfc4-b8cd-44bc-a7f3-0b36d624da58/element/00000000-0000-0938-ffff-ffff00000488/click [39m[32m200[39m [90m63 ms - 14[39m [90m[39m
[38;5;120m[6894dfc4][0m[38;5;86m[HTTP][0m [37m-->[39m [37mPOST[39m [37m/wd/hub/session/6894dfc4-b8cd-44bc-a7f3-0b36d624da58/timeouts[39m [90m{"implicit":50}[39m
[38;5;120m[6894dfc4][0m[38;5;86m[HTTP][0m [37m<-- POST /wd/hub/session/6894dfc4-b8cd-44bc-a7f3-0b36d624da58/timeouts [39m[32m200[39m [90m1 ms - 14[39m [90m[39m
[38;5;120m[6894dfc4][0m[38;5;86m[HTTP][0m [37m-->[39m [37mGET[39m [37m/wd/hub/session/6894dfc4-b8cd-44bc-a7f3-0b36d624da58/window/rect[39m [90m{}[39m
[38;5;120m[6894dfc4][0m[38;5;86m[HTTP][0m [37m<-- GET /wd/hub/session/6894dfc4-b8cd-44bc-a7f3-0b36d624da58/window/rect [39m[32m200[39m [90m14 ms - 50[39m [90m[39m
[38;5;120m[6894dfc4][0m[38;5;86m[HTTP][0m [37m-->[39m [37mPOST[39m [37m/wd/hub/session/6894dfc4-b8cd-44bc-a7f3-0b36d624da58/elements[39m [90m{"using":"xpath","value":"//hierarchy/android.widget.FrameLayout[1]/android.widget.LinearLayout[1]/android.widget.FrameLayout[1]/android.widget.LinearLayout[1]/android.widget.FrameLayout[1]/android.view.ViewGroup[1]/android.widget.FrameLayout[1]/android.widget.FrameLayout[1]/android.widget.FrameLayout[2]/android.widget.FrameLayout[1]/android.view.ViewGroup[1]/android.view.ViewGroup[1]/android.view.ViewGroup[1]/android.view.ViewGroup[1]/android.view.ViewGroup[1]/android.view.ViewGroup[1]/android.view.ViewGroup[1]/android.view.ViewGroup[1]/android.widget.Button[1]/android.widget.ImageView[1]"}[39m
[38;5;120m[6894dfc4][0m[38;5;86m[HTTP][0m [37m<-- POST /wd/hub/session/6894dfc4-b8cd-44bc-a7f3-0b36d624da58/elements [39m[32m200[39m [90m1104 ms - 139[39m [90m[39m
[38;5;120m[6894dfc4][0m[38;5;86m[HTTP][0m [37m-->[39m [37mGET[39m [37m/wd/hub/session/6894dfc4-b8cd-44bc-a7f3-0b36d624da58/element/00000000-0000-0938-ffff-ffff0000048b/location[39m [90m{}[39m
[38;5;120m[6894dfc4][0m[38;5;-167m[AndroidUiautomator2Driver@b0c5][0m Driver proxy active, passing request on via HTTP proxy
[38;5;120m[6894dfc4][0m[38;5;-167m[AndroidUiautomator2Driver@b0c5][0m Replacing sessionId 9e82faae-21cc-406f-b040-502869215d81 with 6894dfc4-b8cd-44bc-a7f3-0b36d624da58
[38;5;120m[6894dfc4][0m[38;5;86m[HTTP][0m [37m<-- GET /wd/hub/session/6894dfc4-b8cd-44bc-a7f3-0b36d624da58/element/00000000-0000-0938-ffff-ffff0000048b/location [39m[32m200[39m [90m64 ms - 78[39m [90m[39m
[38;5;120m[6894dfc4][0m[38;5;86m[HTTP][0m [37m-->[39m [37mPOST[39m [37m/wd/hub/session/6894dfc4-b8cd-44bc-a7f3-0b36d624da58/timeouts[39m [90m{"implicit":30000}[39m
[38;5;120m[6894dfc4][0m[38;5;86m[HTTP][0m [37m<-- POST /wd/hub/session/6894dfc4-b8cd-44bc-a7f3-0b36d624da58/timeouts [39m[32m200[39m [90m1 ms - 14[39m [90m[39m
[38;5;120m[6894dfc4][0m[38;5;86m[HTTP][0m [37m-->[39m [37mPOST[39m [37m/wd/hub/session/6894dfc4-b8cd-44bc-a7f3-0b36d624da58/element/00000000-0000-0938-ffff-ffff0000048b/click[39m [90m{"id":"00000000-0000-0938-ffff-ffff0000048b"}[39m
[38;5;120m[6894dfc4][0m[38;5;86m[HTTP][0m [37m<-- POST /wd/hub/session/6894dfc4-b8cd-44bc-a7f3-0b36d624da58/element/00000000-0000-0938-ffff-ffff0000048b/click [39m[32m200[39m [90m1334 ms - 14[39m [90m[39m
[38;5;120m[6894dfc4][0m[38;5;86m[HTTP][0m [37m-->[39m [37mPOST[39m [37m/wd/hub/session/6894dfc4-b8cd-44bc-a7f3-0b36d624da58/timeouts[39m [90m{"implicit":50}[39m
[38;5;120m[6894dfc4][0m[38;5;86m[HTTP][0m [37m<-- POST /wd/hub/session/6894dfc4-b8cd-44bc-a7f3-0b36d624da58/timeouts [39m[32m200[39m [90m1 ms - 14[39m [90m[39m
[38;5;120m[6894dfc4][0m[38;5;86m[HTTP][0m [37m-->[39m [37mGET[39m [37m/wd/hub/session/6894dfc4-b8cd-44bc-a7f3-0b36d624da58/window/rect[39m [90m{}[39m
[38;5;120m[6894dfc4][0m[38;5;86m[HTTP][0m [37m<-- GET /wd/hub/session/6894dfc4-b8cd-44bc-a7f3-0b36d624da58/window/rect [39m[32m200[39m [90m25 ms - 50[39m [90m[39m
[38;5;120m[6894dfc4][0m[38;5;86m[HTTP][0m [37m-->[39m [37mPOST[39m [37m/wd/hub/session/6894dfc4-b8cd-44bc-a7f3-0b36d624da58/elements[39m [90m{"using":"xpath","value":"//*[@class = 'android.view.View' and (@text = 'Username, email address or mobile number' or . = 'Username, email address or mobile number')]"}[39m
[38;5;120m[6894dfc4][0m[38;5;86m[HTTP][0m [37m<-- POST /wd/hub/session/6894dfc4-b8cd-44bc-a7f3-0b36d624da58/elements [39m[32m200[39m [90m175 ms - 139[39m [90m[39m
[38;5;120m[6894dfc4][0m[38;5;86m[HTTP][0m [37m-->[39m [37mGET[39m [37m/wd/hub/session/6894dfc4-b8cd-44bc-a7f3-0b36d624da58/element/00000000-0000-0938-ffff-ffff00000488/location[39m [90m{}[39m
[38;5;120m[6894dfc4][0m[38;5;-167m[AndroidUiautomator2Driver@b0c5][0m Driver proxy active, passing request on via HTTP proxy
[38;5;120m[6894dfc4][0m[38;5;-167m[AndroidUiautomator2Driver@b0c5][0m Replacing sessionId 9e82faae-21cc-406f-b040-502869215d81 with 6894dfc4-b8cd-44bc-a7f3-0b36d624da58
[38;5;120m[6894dfc4][0m[38;5;86m[HTTP][0m [37m<-- GET /wd/hub/session/6894dfc4-b8cd-44bc-a7f3-0b36d624da58/element/00000000-0000-0938-ffff-ffff00000488/location [39m[32m200[39m [90m29 ms - 77[39m [90m[39m
[38;5;120m[6894dfc4][0m[38;5;86m[HTTP][0m [37m-->[39m [37mPOST[39m [37m/wd/hub/session/6894dfc4-b8cd-44bc-a7f3-0b36d624da58/timeouts[39m [90m{"implicit":30000}[39m
[38;5;120m[6894dfc4][0m[38;5;86m[HTTP][0m [37m<-- POST /wd/hub/session/6894dfc4-b8cd-44bc-a7f3-0b36d624da58/timeouts [39m[32m200[39m [90m3 ms - 14[39m [90m[39m
[38;5;120m[6894dfc4][0m[38;5;86m[HTTP][0m [37m-->[39m [37mPOST[39m [37m/wd/hub/session/6894dfc4-b8cd-44bc-a7f3-0b36d624da58/element/00000000-0000-0938-ffff-ffff00000488/clear[39m [90m{"id":"00000000-0000-0938-ffff-ffff00000488"}[39m
[38;5;120m[6894dfc4][0m[38;5;86m[HTTP][0m [37m<-- POST /wd/hub/session/6894dfc4-b8cd-44bc-a7f3-0b36d624da58/element/00000000-0000-0938-ffff-ffff00000488/clear [39m[32m200[39m [90m38 ms - 14[39m [90m[39m
[38;5;120m[6894dfc4][0m[38;5;86m[HTTP][0m [37m-->[39m [37mPOST[39m [37m/wd/hub/session/6894dfc4-b8cd-44bc-a7f3-0b36d624da58/element/00000000-0000-0938-ffff-ffff00000488/click[39m [90m{"id":"00000000-0000-0938-ffff-ffff00000488"}[39m
[38;5;120m[6894dfc4][0m[38;5;86m[HTTP][0m [37m<-- POST /wd/hub/session/6894dfc4-b8cd-44bc-a7f3-0b36d624da58/element/00000000-0000-0938-ffff-ffff00000488/click [39m[32m200[39m [90m679 ms - 14[39m [90m[39m
[38;5;120m[6894dfc4][0m[38;5;86m[HTTP][0m [37m-->[39m [37mPOST[39m [37m/wd/hub/session/6894dfc4-b8cd-44bc-a7f3-0b36d624da58/element/00000000-0000-0938-ffff-ffff00000488/value[39m [90m{"id":"00000000-0000-0938-ffff-ffff00000488","text":"harikrishnan_muruganantham","value":["h","a","r","i","k","r","i","s","h","n","a","n","_","m","u","r","u","g","a","n","a","n","t","h","a","m"]}[39m
[38;5;120m[6894dfc4][0m[38;5;-167m[AndroidUiautomator2Driver@b0c5][0m Got response with status 400: {"sessionId":"9e82faae-21cc-406f-b040-502869215d81","value":{"error":"invalid element state","message":"Cannot set the element to 'harikrishnan_muruganantham'. Did you interact with the correct element?","stacktrace":"io.appium.uiautomator2.common.exceptions.InvalidElementStateException: Cannot set the element to 'harikrishnan_muruganantham'. Did you interact with the correct element?\n\tat io.appium.uiautomator2.handler.SendKeysToElement.setText(SendKeysToElement.java:87)\n\tat io.appium.uiautomator2.handler.SendKeysToElement.safeHandle(SendKeysToElement.java:115)\n\tat io.appium.uiautomator2.handler.request.SafeRequestHandler.handle(SafeRequestHandler.java:59)\n\tat io.appium.uiautomator2.server.AppiumServlet.handleRequest(AppiumServlet.java:259)\n\tat io.appium.uiautomator2.server.AppiumServlet.handleHttpRequest(AppiumServlet.java:253)\n\tat io.appium.uiautomator2.http.ServerHandler.channelRead(ServerHandler.java:77)\n\tat io.netty.channel.AbstractChannelHandlerContext.invokeChannelRead(AbstractChannelH...
[38;5;120m[6894dfc4][0m[38;5;86m[HTTP][0m [37m<-- POST /wd/hub/session/6894dfc4-b8cd-44bc-a7f3-0b36d624da58/element/00000000-0000-0938-ffff-ffff00000488/value [39m[33m400[39m [90m113 ms - 3932[39m [90m[39m
[38;5;120m[6894dfc4][0m[38;5;86m[HTTP][0m [37m-->[39m [37mPOST[39m [37m/wd/hub/session/6894dfc4-b8cd-44bc-a7f3-0b36d624da58/element/00000000-0000-0938-ffff-ffff00000488/click[39m [90m{"id":"00000000-0000-0938-ffff-ffff00000488"}[39m
[38;5;120m[6894dfc4][0m[38;5;86m[HTTP][0m [37m<-- POST /wd/hub/session/6894dfc4-b8cd-44bc-a7f3-0b36d624da58/element/00000000-0000-0938-ffff-ffff00000488/click [39m[32m200[39m [90m957 ms - 14[39m [90m[39m
[38;5;120m[6894dfc4][0m[38;5;86m[HTTP][0m [37m-->[39m [37mPOST[39m [37m/wd/hub/session/6894dfc4-b8cd-44bc-a7f3-0b36d624da58/actions[39m [90m{"actions":[{"type":"key","actions":[{"type":"keyDown","value":"h"},{"type":"keyDown","value":"a"},{"type":"keyDown","value":"r"},{"type":"keyDown","value":"i"},{"type":"keyDown","value":"k"},{"type":"keyDown","value":"r"},{"type":"keyDown","value":"i"},{"type":"keyDown","value":"s"},{"type":"keyDown","value":"h"},{"type":"keyDown","value":"n"},{"type":"keyDown","value":"a"},{"type":"keyDown","value":"n"},{"type":"keyDown","value":"_"},{"type":"keyDown","value":"m"},{"type":"keyDown","value":"u"},{"type":"keyDown","value":"r"},{"type":"keyDown","value":"u"},{"type":"keyDown","value":"g"},{"type":"keyDown","value":"a"},{"type":"keyDown","value":"n"},{"type":"keyDown","value":"a"},{"type":"keyDown","value":"n"},{"type":"keyDown","value":"t"},{"type":"keyDown","value":"h"},{"type":"keyDown","value":"a"},{"type":"keyDown","value":"m"}],"id":"keyboard"}]}[39m
[38;5;120m[6894dfc4][0m[38;5;86m[HTTP][0m [37m<-- POST /wd/hub/session/6894dfc4-b8cd-44bc-a7f3-0b36d624da58/actions [39m[32m200[39m [90m825 ms - 14[39m [90m[39m
[38;5;120m[6894dfc4][0m[38;5;86m[HTTP][0m [37m-->[39m [37mPOST[39m [37m/wd/hub/session/6894dfc4-b8cd-44bc-a7f3-0b36d624da58/timeouts[39m [90m{"implicit":50}[39m
[38;5;120m[6894dfc4][0m[38;5;86m[HTTP][0m [37m<-- POST /wd/hub/session/6894dfc4-b8cd-44bc-a7f3-0b36d624da58/timeouts [39m[32m200[39m [90m2 ms - 14[39m [90m[39m
[38;5;120m[6894dfc4][0m[38;5;86m[HTTP][0m [37m-->[39m [37mGET[39m [37m/wd/hub/session/6894dfc4-b8cd-44bc-a7f3-0b36d624da58/window/rect[39m [90m{}[39m
[38;5;120m[6894dfc4][0m[38;5;86m[HTTP][0m [37m<-- GET /wd/hub/session/6894dfc4-b8cd-44bc-a7f3-0b36d624da58/window/rect [39m[32m200[39m [90m30 ms - 50[39m [90m[39m
[38;5;120m[6894dfc4][0m[38;5;86m[HTTP][0m [37m-->[39m [37mPOST[39m [37m/wd/hub/session/6894dfc4-b8cd-44bc-a7f3-0b36d624da58/elements[39m [90m{"using":"accessibility id","value":"Instagram from Meta"}[39m
[38;5;120m[6894dfc4][0m[38;5;86m[HTTP][0m [37m<-- POST /wd/hub/session/6894dfc4-b8cd-44bc-a7f3-0b36d624da58/elements [39m[32m200[39m [90m984 ms - 139[39m [90m[39m
[38;5;120m[6894dfc4][0m[38;5;86m[HTTP][0m [37m-->[39m [37mGET[39m [37m/wd/hub/session/6894dfc4-b8cd-44bc-a7f3-0b36d624da58/element/00000000-0000-0938-ffff-ffff00000480/location[39m [90m{}[39m
[38;5;120m[6894dfc4][0m[38;5;-167m[AndroidUiautomator2Driver@b0c5][0m Driver proxy active, passing request on via HTTP proxy
[38;5;120m[6894dfc4][0m[38;5;-167m[AndroidUiautomator2Driver@b0c5][0m Replacing sessionId 9e82faae-21cc-406f-b040-502869215d81 with 6894dfc4-b8cd-44bc-a7f3-0b36d624da58
[38;5;120m[6894dfc4][0m[38;5;86m[HTTP][0m [37m<-- GET /wd/hub/session/6894dfc4-b8cd-44bc-a7f3-0b36d624da58/element/00000000-0000-0938-ffff-ffff00000480/location [39m[32m200[39m [90m37 ms - 77[39m [90m[39m
[38;5;120m[6894dfc4][0m[38;5;86m[HTTP][0m [37m-->[39m [37mPOST[39m [37m/wd/hub/session/6894dfc4-b8cd-44bc-a7f3-0b36d624da58/timeouts[39m [90m{"implicit":30000}[39m
[38;5;120m[6894dfc4][0m[38;5;86m[HTTP][0m [37m<-- POST /wd/hub/session/6894dfc4-b8cd-44bc-a7f3-0b36d624da58/timeouts [39m[32m200[39m [90m2 ms - 14[39m [90m[39m
[38;5;120m[6894dfc4][0m[38;5;86m[HTTP][0m [37m-->[39m [37mPOST[39m [37m/wd/hub/session/6894dfc4-b8cd-44bc-a7f3-0b36d624da58/element/00000000-0000-0938-ffff-ffff00000480/click[39m [90m{"id":"00000000-0000-0938-ffff-ffff00000480"}[39m
[38;5;120m[6894dfc4][0m[38;5;86m[HTTP][0m [37m<-- POST /wd/hub/session/6894dfc4-b8cd-44bc-a7f3-0b36d624da58/element/00000000-0000-0938-ffff-ffff00000480/click [39m[32m200[39m [90m793 ms - 14[39m [90m[39m
[38;5;120m[6894dfc4][0m[38;5;86m[HTTP][0m [37m-->[39m [37mPOST[39m [37m/wd/hub/session/6894dfc4-b8cd-44bc-a7f3-0b36d624da58/timeouts[39m [90m{"implicit":50}[39m
[38;5;120m[6894dfc4][0m[38;5;86m[HTTP][0m [37m<-- POST /wd/hub/session/6894dfc4-b8cd-44bc-a7f3-0b36d624da58/timeouts [39m[32m200[39m [90m2 ms - 14[39m [90m[39m
[38;5;120m[6894dfc4][0m[38;5;86m[HTTP][0m [37m-->[39m [37mGET[39m [37m/wd/hub/session/6894dfc4-b8cd-44bc-a7f3-0b36d624da58/window/rect[39m [90m{}[39m
[38;5;120m[6894dfc4][0m[38;5;86m[HTTP][0m [37m<-- GET /wd/hub/session/6894dfc4-b8cd-44bc-a7f3-0b36d624da58/window/rect [39m[32m200[39m [90m26 ms - 50[39m [90m[39m
[38;5;120m[6894dfc4][0m[38;5;86m[HTTP][0m [37m-->[39m [37mPOST[39m [37m/wd/hub/session/6894dfc4-b8cd-44bc-a7f3-0b36d624da58/elements[39m [90m{"using":"xpath","value":"//*[@class = 'android.view.View' and (@text = 'Password' or . = 'Password')]"}[39m
[38;5;120m[6894dfc4][0m[38;5;86m[HTTP][0m [37m<-- POST /wd/hub/session/6894dfc4-b8cd-44bc-a7f3-0b36d624da58/elements [39m[32m200[39m [90m156 ms - 139[39m [90m[39m
[38;5;120m[6894dfc4][0m[38;5;86m[HTTP][0m [37m-->[39m [37mGET[39m [37m/wd/hub/session/6894dfc4-b8cd-44bc-a7f3-0b36d624da58/element/00000000-0000-0938-ffff-ffff0000048f/location[39m [90m{}[39m
[38;5;120m[6894dfc4][0m[38;5;-167m[AndroidUiautomator2Driver@b0c5][0m Driver proxy active, passing request on via HTTP proxy
[38;5;120m[6894dfc4][0m[38;5;-167m[AndroidUiautomator2Driver@b0c5][0m Replacing sessionId 9e82faae-21cc-406f-b040-502869215d81 with 6894dfc4-b8cd-44bc-a7f3-0b36d624da58
[38;5;120m[6894dfc4][0m[38;5;86m[HTTP][0m [37m<-- GET /wd/hub/session/6894dfc4-b8cd-44bc-a7f3-0b36d624da58/element/00000000-0000-0938-ffff-ffff0000048f/location [39m[32m200[39m [90m33 ms - 78[39m [90m[39m
[38;5;120m[6894dfc4][0m[38;5;86m[HTTP][0m [37m-->[39m [37mPOST[39m [37m/wd/hub/session/6894dfc4-b8cd-44bc-a7f3-0b36d624da58/timeouts[39m [90m{"implicit":30000}[39m
[38;5;120m[6894dfc4][0m[38;5;86m[HTTP][0m [37m<-- POST /wd/hub/session/6894dfc4-b8cd-44bc-a7f3-0b36d624da58/timeouts [39m[32m200[39m [90m1 ms - 14[39m [90m[39m
[38;5;120m[6894dfc4][0m[38;5;86m[HTTP][0m [37m-->[39m [37mPOST[39m [37m/wd/hub/session/6894dfc4-b8cd-44bc-a7f3-0b36d624da58/element/00000000-0000-0938-ffff-ffff0000048f/click[39m [90m{"id":"00000000-0000-0938-ffff-ffff0000048f"}[39m
[38;5;120m[6894dfc4][0m[38;5;86m[HTTP][0m [37m<-- POST /wd/hub/session/6894dfc4-b8cd-44bc-a7f3-0b36d624da58/element/00000000-0000-0938-ffff-ffff0000048f/click [39m[32m200[39m [90m72 ms - 14[39m [90m[39m
[38;5;120m[6894dfc4][0m[38;5;86m[HTTP][0m [37m-->[39m [37mPOST[39m [37m/wd/hub/session/6894dfc4-b8cd-44bc-a7f3-0b36d624da58/timeouts[39m [90m{"implicit":50}[39m
[38;5;120m[6894dfc4][0m[38;5;86m[HTTP][0m [37m<-- POST /wd/hub/session/6894dfc4-b8cd-44bc-a7f3-0b36d624da58/timeouts [39m[32m200[39m [90m1 ms - 14[39m [90m[39m
[38;5;120m[6894dfc4][0m[38;5;86m[HTTP][0m [37m-->[39m [37mGET[39m [37m/wd/hub/session/6894dfc4-b8cd-44bc-a7f3-0b36d624da58/window/rect[39m [90m{}[39m
[38;5;120m[6894dfc4][0m[38;5;86m[HTTP][0m [37m<-- GET /wd/hub/session/6894dfc4-b8cd-44bc-a7f3-0b36d624da58/window/rect [39m[32m200[39m [90m18 ms - 50[39m [90m[39m
[38;5;120m[6894dfc4][0m[38;5;86m[HTTP][0m [37m-->[39m [37mPOST[39m [37m/wd/hub/session/6894dfc4-b8cd-44bc-a7f3-0b36d624da58/elements[39m [90m{"using":"-android uiautomator","value":"new UiSelector().className(\"android.widget.EditText\").packageName(\"com.instagram.android\").enabled(true).clickable(true).longClickable(true).checkable(false).checked(false).focusable(true).focused(true).scrollable(false).selected(false).index(2)"}[39m
[38;5;120m[6894dfc4][0m[38;5;86m[HTTP][0m [37m<-- POST /wd/hub/session/6894dfc4-b8cd-44bc-a7f3-0b36d624da58/elements [39m[32m200[39m [90m1056 ms - 139[39m [90m[39m
[38;5;120m[6894dfc4][0m[38;5;86m[HTTP][0m [37m-->[39m [37mGET[39m [37m/wd/hub/session/6894dfc4-b8cd-44bc-a7f3-0b36d624da58/element/00000000-0000-0938-ffff-ffff00000493/location[39m [90m{}[39m
[38;5;120m[6894dfc4][0m[38;5;-167m[AndroidUiautomator2Driver@b0c5][0m Driver proxy active, passing request on via HTTP proxy
[38;5;120m[6894dfc4][0m[38;5;-167m[AndroidUiautomator2Driver@b0c5][0m Replacing sessionId 9e82faae-21cc-406f-b040-502869215d81 with 6894dfc4-b8cd-44bc-a7f3-0b36d624da58
[38;5;120m[6894dfc4][0m[38;5;86m[HTTP][0m [37m<-- GET /wd/hub/session/6894dfc4-b8cd-44bc-a7f3-0b36d624da58/element/00000000-0000-0938-ffff-ffff00000493/location [39m[32m200[39m [90m55 ms - 77[39m [90m[39m
[38;5;120m[6894dfc4][0m[38;5;86m[HTTP][0m [37m-->[39m [37mPOST[39m [37m/wd/hub/session/6894dfc4-b8cd-44bc-a7f3-0b36d624da58/timeouts[39m [90m{"implicit":30000}[39m
[38;5;120m[6894dfc4][0m[38;5;86m[HTTP][0m [37m<-- POST /wd/hub/session/6894dfc4-b8cd-44bc-a7f3-0b36d624da58/timeouts [39m[32m200[39m [90m1 ms - 14[39m [90m[39m
[38;5;120m[6894dfc4][0m[38;5;86m[HTTP][0m [37m-->[39m [37mPOST[39m [37m/wd/hub/session/6894dfc4-b8cd-44bc-a7f3-0b36d624da58/element/00000000-0000-0938-ffff-ffff00000493/clear[39m [90m{"id":"00000000-0000-0938-ffff-ffff00000493"}[39m
[38;5;120m[6894dfc4][0m[38;5;86m[HTTP][0m [37m<-- POST /wd/hub/session/6894dfc4-b8cd-44bc-a7f3-0b36d624da58/element/00000000-0000-0938-ffff-ffff00000493/clear [39m[32m200[39m [90m44 ms - 14[39m [90m[39m
[38;5;120m[6894dfc4][0m[38;5;86m[HTTP][0m [37m-->[39m [37mPOST[39m [37m/wd/hub/session/6894dfc4-b8cd-44bc-a7f3-0b36d624da58/element/00000000-0000-0938-ffff-ffff00000493/click[39m [90m{"id":"00000000-0000-0938-ffff-ffff00000493"}[39m
[38;5;120m[6894dfc4][0m[38;5;86m[HTTP][0m [37m<-- POST /wd/hub/session/6894dfc4-b8cd-44bc-a7f3-0b36d624da58/element/00000000-0000-0938-ffff-ffff00000493/click [39m[32m200[39m [90m1623 ms - 14[39m [90m[39m
[38;5;120m[6894dfc4][0m[38;5;86m[HTTP][0m [37m-->[39m [37mPOST[39m [37m/wd/hub/session/6894dfc4-b8cd-44bc-a7f3-0b36d624da58/element/00000000-0000-0938-ffff-ffff00000493/value[39m [90m{"id":"00000000-0000-0938-ffff-ffff00000493","text":"Tamil*1106","value":["T","a","m","i","l","*","1","1","0","6"]}[39m
[38;5;120m[6894dfc4][0m[38;5;86m[HTTP][0m [37m<-- POST /wd/hub/session/6894dfc4-b8cd-44bc-a7f3-0b36d624da58/element/00000000-0000-0938-ffff-ffff00000493/value [39m[32m200[39m [90m112 ms - 14[39m [90m[39m
[38;5;120m[6894dfc4][0m[38;5;86m[HTTP][0m [37m-->[39m [37mPOST[39m [37m/wd/hub/session/6894dfc4-b8cd-44bc-a7f3-0b36d624da58/timeouts[39m [90m{"implicit":50}[39m
[38;5;120m[6894dfc4][0m[38;5;86m[HTTP][0m [37m<-- POST /wd/hub/session/6894dfc4-b8cd-44bc-a7f3-0b36d624da58/timeouts [39m[32m200[39m [90m4 ms - 14[39m [90m[39m
[38;5;120m[6894dfc4][0m[38;5;86m[HTTP][0m [37m-->[39m [37mGET[39m [37m/wd/hub/session/6894dfc4-b8cd-44bc-a7f3-0b36d624da58/window/rect[39m [90m{}[39m
[38;5;120m[6894dfc4][0m[38;5;86m[HTTP][0m [37m<-- GET /wd/hub/session/6894dfc4-b8cd-44bc-a7f3-0b36d624da58/window/rect [39m[32m200[39m [90m24 ms - 50[39m [90m[39m
[38;5;120m[6894dfc4][0m[38;5;86m[HTTP][0m [37m-->[39m [37mPOST[39m [37m/wd/hub/session/6894dfc4-b8cd-44bc-a7f3-0b36d624da58/elements[39m [90m{"using":"accessibility id","value":"Instagram from Meta"}[39m
[38;5;120m[6894dfc4][0m[38;5;86m[HTTP][0m [37m<-- POST /wd/hub/session/6894dfc4-b8cd-44bc-a7f3-0b36d624da58/elements [39m[32m200[39m [90m882 ms - 139[39m [90m[39m
[38;5;120m[6894dfc4][0m[38;5;86m[HTTP][0m [37m-->[39m [37mGET[39m [37m/wd/hub/session/6894dfc4-b8cd-44bc-a7f3-0b36d624da58/element/00000000-0000-0938-ffff-ffff00000480/location[39m [90m{}[39m
[38;5;120m[6894dfc4][0m[38;5;-167m[AndroidUiautomator2Driver@b0c5][0m Driver proxy active, passing request on via HTTP proxy
[38;5;120m[6894dfc4][0m[38;5;-167m[AndroidUiautomator2Driver@b0c5][0m Replacing sessionId 9e82faae-21cc-406f-b040-502869215d81 with 6894dfc4-b8cd-44bc-a7f3-0b36d624da58
[38;5;120m[6894dfc4][0m[38;5;86m[HTTP][0m [37m<-- GET /wd/hub/session/6894dfc4-b8cd-44bc-a7f3-0b36d624da58/element/00000000-0000-0938-ffff-ffff00000480/location [39m[32m200[39m [90m60 ms - 77[39m [90m[39m
[38;5;120m[6894dfc4][0m[38;5;86m[HTTP][0m [37m-->[39m [37mPOST[39m [37m/wd/hub/session/6894dfc4-b8cd-44bc-a7f3-0b36d624da58/timeouts[39m [90m{"implicit":30000}[39m
[38;5;120m[6894dfc4][0m[38;5;86m[HTTP][0m [37m<-- POST /wd/hub/session/6894dfc4-b8cd-44bc-a7f3-0b36d624da58/timeouts [39m[32m200[39m [90m2 ms - 14[39m [90m[39m
[38;5;120m[6894dfc4][0m[38;5;86m[HTTP][0m [37m-->[39m [37mPOST[39m [37m/wd/hub/session/6894dfc4-b8cd-44bc-a7f3-0b36d624da58/element/00000000-0000-0938-ffff-ffff00000480/click[39m [90m{"id":"00000000-0000-0938-ffff-ffff00000480"}[39m
[38;5;120m[6894dfc4][0m[38;5;86m[HTTP][0m [37m<-- POST /wd/hub/session/6894dfc4-b8cd-44bc-a7f3-0b36d624da58/element/00000000-0000-0938-ffff-ffff00000480/click [39m[32m200[39m [90m955 ms - 14[39m [90m[39m
[38;5;120m[6894dfc4][0m[38;5;86m[HTTP][0m [37m-->[39m [37mPOST[39m [37m/wd/hub/session/6894dfc4-b8cd-44bc-a7f3-0b36d624da58/timeouts[39m [90m{"implicit":50}[39m
[38;5;120m[6894dfc4][0m[38;5;86m[HTTP][0m [37m<-- POST /wd/hub/session/6894dfc4-b8cd-44bc-a7f3-0b36d624da58/timeouts [39m[32m200[39m [90m2 ms - 14[39m [90m[39m
[38;5;120m[6894dfc4][0m[38;5;86m[HTTP][0m [37m-->[39m [37mGET[39m [37m/wd/hub/session/6894dfc4-b8cd-44bc-a7f3-0b36d624da58/window/rect[39m [90m{}[39m
[38;5;120m[6894dfc4][0m[38;5;86m[HTTP][0m [37m<-- GET /wd/hub/session/6894dfc4-b8cd-44bc-a7f3-0b36d624da58/window/rect [39m[32m200[39m [90m25 ms - 50[39m [90m[39m
[38;5;120m[6894dfc4][0m[38;5;86m[HTTP][0m [37m-->[39m [37mPOST[39m [37m/wd/hub/session/6894dfc4-b8cd-44bc-a7f3-0b36d624da58/elements[39m [90m{"using":"xpath","value":"//*[@class = 'android.view.View' and (@text = 'Log in' or . = 'Log in')]"}[39m
[38;5;120m[6894dfc4][0m[38;5;86m[HTTP][0m [37m<-- POST /wd/hub/session/6894dfc4-b8cd-44bc-a7f3-0b36d624da58/elements [39m[32m200[39m [90m153 ms - 139[39m [90m[39m
[38;5;120m[6894dfc4][0m[38;5;86m[HTTP][0m [37m-->[39m [37mGET[39m [37m/wd/hub/session/6894dfc4-b8cd-44bc-a7f3-0b36d624da58/element/00000000-0000-0938-ffff-ffff00000498/location[39m [90m{}[39m
[38;5;120m[6894dfc4][0m[38;5;-167m[AndroidUiautomator2Driver@b0c5][0m Driver proxy active, passing request on via HTTP proxy
[38;5;120m[6894dfc4][0m[38;5;-167m[AndroidUiautomator2Driver@b0c5][0m Replacing sessionId 9e82faae-21cc-406f-b040-502869215d81 with 6894dfc4-b8cd-44bc-a7f3-0b36d624da58
[38;5;120m[6894dfc4][0m[38;5;86m[HTTP][0m [37m<-- GET /wd/hub/session/6894dfc4-b8cd-44bc-a7f3-0b36d624da58/element/00000000-0000-0938-ffff-ffff00000498/location [39m[32m200[39m [90m31 ms - 79[39m [90m[39m
[38;5;120m[6894dfc4][0m[38;5;86m[HTTP][0m [37m-->[39m [37mPOST[39m [37m/wd/hub/session/6894dfc4-b8cd-44bc-a7f3-0b36d624da58/timeouts[39m [90m{"implicit":30000}[39m
[38;5;120m[6894dfc4][0m[38;5;86m[HTTP][0m [37m<-- POST /wd/hub/session/6894dfc4-b8cd-44bc-a7f3-0b36d624da58/timeouts [39m[32m200[39m [90m1 ms - 14[39m [90m[39m
[38;5;120m[6894dfc4][0m[38;5;86m[HTTP][0m [37m-->[39m [37mPOST[39m [37m/wd/hub/session/6894dfc4-b8cd-44bc-a7f3-0b36d624da58/element/00000000-0000-0938-ffff-ffff00000498/click[39m [90m{"id":"00000000-0000-0938-ffff-ffff00000498"}[39m
[38;5;120m[6894dfc4][0m[38;5;86m[HTTP][0m [37m<-- POST /wd/hub/session/6894dfc4-b8cd-44bc-a7f3-0b36d624da58/element/00000000-0000-0938-ffff-ffff00000498/click [39m[32m200[39m [90m68 ms - 14[39m [90m[39m
[38;5;120m[6894dfc4][0m[38;5;86m[HTTP][0m [37m-->[39m [37mPOST[39m [37m/wd/hub/session/6894dfc4-b8cd-44bc-a7f3-0b36d624da58/timeouts[39m [90m{"implicit":50}[39m
[38;5;120m[6894dfc4][0m[38;5;86m[HTTP][0m [37m<-- POST /wd/hub/session/6894dfc4-b8cd-44bc-a7f3-0b36d624da58/timeouts [39m[32m200[39m [90m3 ms - 14[39m [90m[39m
[38;5;120m[6894dfc4][0m[38;5;86m[HTTP][0m [37m-->[39m [37mGET[39m [37m/wd/hub/session/6894dfc4-b8cd-44bc-a7f3-0b36d624da58/window/rect[39m [90m{}[39m
[38;5;120m[6894dfc4][0m[38;5;86m[HTTP][0m [37m<-- GET /wd/hub/session/6894dfc4-b8cd-44bc-a7f3-0b36d624da58/window/rect [39m[32m200[39m [90m20 ms - 50[39m [90m[39m
[38;5;120m[6894dfc4][0m[38;5;86m[HTTP][0m [37m-->[39m [37mPOST[39m [37m/wd/hub/session/6894dfc4-b8cd-44bc-a7f3-0b36d624da58/elements[39m [90m{"using":"xpath","value":"//*[@class = 'android.widget.TextView' and (@text = 'Your story' or . = 'Your story') and @resource-id = 'com.instagram.android:id/username']"}[39m
[38;5;120m[6894dfc4][0m[38;5;86m[HTTP][0m [37m<-- POST /wd/hub/session/6894dfc4-b8cd-44bc-a7f3-0b36d624da58/elements [39m[32m200[39m [90m914 ms - 12[39m [90m[39m
[38;5;120m[6894dfc4][0m[38;5;86m[HTTP][0m [37m-->[39m [37mPOST[39m [37m/wd/hub/session/6894dfc4-b8cd-44bc-a7f3-0b36d624da58/elements[39m [90m{"using":"xpath","value":"//*[@class = 'android.widget.TextView' and (@text = 'Your story' or . = 'Your story') and @resource-id = 'com.instagram.android:id/username']"}[39m
[38;5;120m[6894dfc4][0m[38;5;86m[HTTP][0m [37m<-- POST /wd/hub/session/6894dfc4-b8cd-44bc-a7f3-0b36d624da58/elements [39m[32m200[39m [90m751 ms - 12[39m [90m[39m
[38;5;120m[6894dfc4][0m[38;5;86m[HTTP][0m [37m-->[39m [37mPOST[39m [37m/wd/hub/session/6894dfc4-b8cd-44bc-a7f3-0b36d624da58/elements[39m [90m{"using":"xpath","value":"//*[@class = 'android.widget.TextView' and (@text = 'Your story' or . = 'Your story') and @resource-id = 'com.instagram.android:id/username']"}[39m
[38;5;120m[6894dfc4][0m[38;5;86m[HTTP][0m [37m<-- POST /wd/hub/session/6894dfc4-b8cd-44bc-a7f3-0b36d624da58/elements [39m[32m200[39m [90m130 ms - 12[39m [90m[39m
[38;5;120m[6894dfc4][0m[38;5;86m[HTTP][0m [37m-->[39m [37mPOST[39m [37m/wd/hub/session/6894dfc4-b8cd-44bc-a7f3-0b36d624da58/elements[39m [90m{"using":"xpath","value":"//*[@class = 'android.widget.TextView' and (@text = 'Your story' or . = 'Your story') and @resource-id = 'com.instagram.android:id/username']"}[39m
[38;5;120m[6894dfc4][0m[38;5;86m[HTTP][0m [37m<-- POST /wd/hub/session/6894dfc4-b8cd-44bc-a7f3-0b36d624da58/elements [39m[32m200[39m [90m174 ms - 12[39m [90m[39m
[38;5;120m[6894dfc4][0m[38;5;86m[HTTP][0m [37m-->[39m [37mPOST[39m [37m/wd/hub/session/6894dfc4-b8cd-44bc-a7f3-0b36d624da58/elements[39m [90m{"using":"xpath","value":"//*[@class = 'android.widget.TextView' and (@text = 'Your story' or . = 'Your story') and @resource-id = 'com.instagram.android:id/username']"}[39m
[38;5;120m[6894dfc4][0m[38;5;86m[HTTP][0m [37m<-- POST /wd/hub/session/6894dfc4-b8cd-44bc-a7f3-0b36d624da58/elements [39m[32m200[39m [90m120 ms - 12[39m [90m[39m
[38;5;120m[6894dfc4][0m[38;5;86m[HTTP][0m [37m-->[39m [37mPOST[39m [37m/wd/hub/session/6894dfc4-b8cd-44bc-a7f3-0b36d624da58/elements[39m [90m{"using":"xpath","value":"//*[@class = 'android.widget.TextView' and (@text = 'Your story' or . = 'Your story') and @resource-id = 'com.instagram.android:id/username']"}[39m
[38;5;120m[6894dfc4][0m[38;5;86m[HTTP][0m [37m<-- POST /wd/hub/session/6894dfc4-b8cd-44bc-a7f3-0b36d624da58/elements [39m[32m200[39m [90m123 ms - 12[39m [90m[39m
[38;5;120m[6894dfc4][0m[38;5;86m[HTTP][0m [37m-->[39m [37mPOST[39m [37m/wd/hub/session/6894dfc4-b8cd-44bc-a7f3-0b36d624da58/elements[39m [90m{"using":"xpath","value":"//*[@class = 'android.widget.TextView' and (@text = 'Your story' or . = 'Your story') and @resource-id = 'com.instagram.android:id/username']"}[39m
[38;5;120m[6894dfc4][0m[38;5;86m[HTTP][0m [37m<-- POST /wd/hub/session/6894dfc4-b8cd-44bc-a7f3-0b36d624da58/elements [39m[32m200[39m [90m115 ms - 12[39m [90m[39m
[38;5;120m[6894dfc4][0m[38;5;86m[HTTP][0m [37m-->[39m [37mPOST[39m [37m/wd/hub/session/6894dfc4-b8cd-44bc-a7f3-0b36d624da58/elements[39m [90m{"using":"xpath","value":"//*[@class = 'android.widget.TextView' and (@text = 'Your story' or . = 'Your story') and @resource-id = 'com.instagram.android:id/username']"}[39m
[38;5;120m[6894dfc4][0m[38;5;86m[HTTP][0m [37m<-- POST /wd/hub/session/6894dfc4-b8cd-44bc-a7f3-0b36d624da58/elements [39m[32m200[39m [90m124 ms - 12[39m [90m[39m
[38;5;120m[6894dfc4][0m[38;5;86m[HTTP][0m [37m-->[39m [37mPOST[39m [37m/wd/hub/session/6894dfc4-b8cd-44bc-a7f3-0b36d624da58/elements[39m [90m{"using":"xpath","value":"//*[@class = 'android.widget.TextView' and (@text = 'Your story' or . = 'Your story') and @resource-id = 'com.instagram.android:id/username']"}[39m
[38;5;120m[6894dfc4][0m[38;5;86m[HTTP][0m [37m<-- POST /wd/hub/session/6894dfc4-b8cd-44bc-a7f3-0b36d624da58/elements [39m[32m200[39m [90m139 ms - 12[39m [90m[39m
[38;5;120m[6894dfc4][0m[38;5;86m[HTTP][0m [37m-->[39m [37mPOST[39m [37m/wd/hub/session/6894dfc4-b8cd-44bc-a7f3-0b36d624da58/elements[39m [90m{"using":"xpath","value":"//*[@class = 'android.widget.TextView' and (@text = 'Your story' or . = 'Your story') and @resource-id = 'com.instagram.android:id/username']"}[39m
[38;5;120m[6894dfc4][0m[38;5;86m[HTTP][0m [37m<-- POST /wd/hub/session/6894dfc4-b8cd-44bc-a7f3-0b36d624da58/elements [39m[32m200[39m [90m114 ms - 12[39m [90m[39m
[38;5;120m[6894dfc4][0m[38;5;86m[HTTP][0m [37m-->[39m [37mPOST[39m [37m/wd/hub/session/6894dfc4-b8cd-44bc-a7f3-0b36d624da58/elements[39m [90m{"using":"xpath","value":"//*[@class = 'android.widget.TextView' and (@text = 'Your story' or . = 'Your story') and @resource-id = 'com.instagram.android:id/username']"}[39m
[38;5;120m[6894dfc4][0m[38;5;86m[HTTP][0m [37m<-- POST /wd/hub/session/6894dfc4-b8cd-44bc-a7f3-0b36d624da58/elements [39m[32m200[39m [90m126 ms - 12[39m [90m[39m
[38;5;120m[6894dfc4][0m[38;5;86m[HTTP][0m [37m-->[39m [37mPOST[39m [37m/wd/hub/session/6894dfc4-b8cd-44bc-a7f3-0b36d624da58/elements[39m [90m{"using":"xpath","value":"//*[@class = 'android.widget.TextView' and (@text = 'Your story' or . = 'Your story') and @resource-id = 'com.instagram.android:id/username']"}[39m
[38;5;120m[6894dfc4][0m[38;5;86m[HTTP][0m [37m<-- POST /wd/hub/session/6894dfc4-b8cd-44bc-a7f3-0b36d624da58/elements [39m[32m200[39m [90m135 ms - 12[39m [90m[39m
[38;5;120m[6894dfc4][0m[38;5;86m[HTTP][0m [37m-->[39m [37mPOST[39m [37m/wd/hub/session/6894dfc4-b8cd-44bc-a7f3-0b36d624da58/elements[39m [90m{"using":"xpath","value":"//*[@class = 'android.widget.TextView' and (@text = 'Your story' or . = 'Your story') and @resource-id = 'com.instagram.android:id/username']"}[39m
[38;5;120m[6894dfc4][0m[38;5;86m[HTTP][0m [37m<-- POST /wd/hub/session/6894dfc4-b8cd-44bc-a7f3-0b36d624da58/elements [39m[32m200[39m [90m95 ms - 12[39m [90m[39m
[38;5;120m[6894dfc4][0m[38;5;86m[HTTP][0m [37m-->[39m [37mPOST[39m [37m/wd/hub/session/6894dfc4-b8cd-44bc-a7f3-0b36d624da58/elements[39m [90m{"using":"xpath","value":"//*[@class = 'android.widget.TextView' and (@text = 'Your story' or . = 'Your story') and @resource-id = 'com.instagram.android:id/username']"}[39m
[38;5;120m[6894dfc4][0m[38;5;86m[HTTP][0m [37m<-- POST /wd/hub/session/6894dfc4-b8cd-44bc-a7f3-0b36d624da58/elements [39m[32m200[39m [90m528 ms - 12[39m [90m[39m
[38;5;120m[6894dfc4][0m[38;5;86m[HTTP][0m [37m-->[39m [37mPOST[39m [37m/wd/hub/session/6894dfc4-b8cd-44bc-a7f3-0b36d624da58/elements[39m [90m{"using":"xpath","value":"//*[@class = 'android.widget.TextView' and (@text = 'Your story' or . = 'Your story') and @resource-id = 'com.instagram.android:id/username']"}[39m
[38;5;120m[6894dfc4][0m[38;5;86m[HTTP][0m [37m<-- POST /wd/hub/session/6894dfc4-b8cd-44bc-a7f3-0b36d624da58/elements [39m[32m200[39m [90m122 ms - 12[39m [90m[39m
[38;5;120m[6894dfc4][0m[38;5;86m[HTTP][0m [37m-->[39m [37mPOST[39m [37m/wd/hub/session/6894dfc4-b8cd-44bc-a7f3-0b36d624da58/elements[39m [90m{"using":"xpath","value":"//*[@class = 'android.widget.TextView' and (@text = 'Your story' or . = 'Your story') and @resource-id = 'com.instagram.android:id/username']"}[39m
[38;5;120m[6894dfc4][0m[38;5;86m[HTTP][0m [37m<-- POST /wd/hub/session/6894dfc4-b8cd-44bc-a7f3-0b36d624da58/elements [39m[32m200[39m [90m107 ms - 12[39m [90m[39m
[38;5;120m[6894dfc4][0m[38;5;86m[HTTP][0m [37m-->[39m [37mPOST[39m [37m/wd/hub/session/6894dfc4-b8cd-44bc-a7f3-0b36d624da58/elements[39m [90m{"using":"xpath","value":"//*[@class = 'android.widget.TextView' and (@text = 'Your story' or . = 'Your story') and @resource-id = 'com.instagram.android:id/username']"}[39m
[38;5;120m[6894dfc4][0m[38;5;86m[HTTP][0m [37m<-- POST /wd/hub/session/6894dfc4-b8cd-44bc-a7f3-0b36d624da58/elements [39m[32m200[39m [90m113 ms - 12[39m [90m[39m
[38;5;120m[6894dfc4][0m[38;5;86m[HTTP][0m [37m-->[39m [37mPOST[39m [37m/wd/hub/session/6894dfc4-b8cd-44bc-a7f3-0b36d624da58/elements[39m [90m{"using":"xpath","value":"//*[@class = 'android.widget.TextView' and (@text = 'Your story' or . = 'Your story') and @resource-id = 'com.instagram.android:id/username']"}[39m
[38;5;120m[6894dfc4][0m[38;5;86m[HTTP][0m [37m<-- POST /wd/hub/session/6894dfc4-b8cd-44bc-a7f3-0b36d624da58/elements [39m[32m200[39m [90m88 ms - 12[39m [90m[39m
[38;5;120m[6894dfc4][0m[38;5;86m[HTTP][0m [37m-->[39m [37mPOST[39m [37m/wd/hub/session/6894dfc4-b8cd-44bc-a7f3-0b36d624da58/elements[39m [90m{"using":"xpath","value":"//*[@class = 'android.widget.TextView' and (@text = 'Your story' or . = 'Your story') and @resource-id = 'com.instagram.android:id/username']"}[39m
[38;5;120m[6894dfc4][0m[38;5;86m[HTTP][0m [37m<-- POST /wd/hub/session/6894dfc4-b8cd-44bc-a7f3-0b36d624da58/elements [39m[32m200[39m [90m105 ms - 12[39m [90m[39m
[38;5;120m[6894dfc4][0m[38;5;86m[HTTP][0m [37m-->[39m [37mPOST[39m [37m/wd/hub/session/6894dfc4-b8cd-44bc-a7f3-0b36d624da58/elements[39m [90m{"using":"xpath","value":"//*[@class = 'android.widget.TextView' and (@text = 'Your story' or . = 'Your story') and @resource-id = 'com.instagram.android:id/username']"}[39m
[38;5;120m[6894dfc4][0m[38;5;86m[HTTP][0m [37m<-- POST /wd/hub/session/6894dfc4-b8cd-44bc-a7f3-0b36d624da58/elements [39m[32m200[39m [90m115 ms - 12[39m [90m[39m
[38;5;120m[6894dfc4][0m[38;5;86m[HTTP][0m [37m-->[39m [37mPOST[39m [37m/wd/hub/session/6894dfc4-b8cd-44bc-a7f3-0b36d624da58/elements[39m [90m{"using":"xpath","value":"//*[@class = 'android.widget.TextView' and (@text = 'Your story' or . = 'Your story') and @resource-id = 'com.instagram.android:id/username']"}[39m
[38;5;120m[6894dfc4][0m[38;5;86m[HTTP][0m [37m<-- POST /wd/hub/session/6894dfc4-b8cd-44bc-a7f3-0b36d624da58/elements [39m[32m200[39m [90m117 ms - 12[39m [90m[39m
[38;5;120m[6894dfc4][0m[38;5;86m[HTTP][0m [37m-->[39m [37mPOST[39m [37m/wd/hub/session/6894dfc4-b8cd-44bc-a7f3-0b36d624da58/elements[39m [90m{"using":"xpath","value":"//*[@class = 'android.widget.TextView' and (@text = 'Your story' or . = 'Your story') and @resource-id = 'com.instagram.android:id/username']"}[39m
[38;5;120m[6894dfc4][0m[38;5;86m[HTTP][0m [37m<-- POST /wd/hub/session/6894dfc4-b8cd-44bc-a7f3-0b36d624da58/elements [39m[32m200[39m [90m107 ms - 12[39m [90m[39m
[38;5;120m[6894dfc4][0m[38;5;86m[HTTP][0m [37m-->[39m [37mPOST[39m [37m/wd/hub/session/6894dfc4-b8cd-44bc-a7f3-0b36d624da58/elements[39m [90m{"using":"xpath","value":"//*[@class = 'android.widget.TextView' and (@text = 'Your story' or . = 'Your story') and @resource-id = 'com.instagram.android:id/username']"}[39m
[38;5;120m[6894dfc4][0m[38;5;86m[HTTP][0m [37m<-- POST /wd/hub/session/6894dfc4-b8cd-44bc-a7f3-0b36d624da58/elements [39m[32m200[39m [90m420 ms - 12[39m [90m[39m
[38;5;120m[6894dfc4][0m[38;5;86m[HTTP][0m [37m-->[39m [37mPOST[39m [37m/wd/hub/session/6894dfc4-b8cd-44bc-a7f3-0b36d624da58/elements[39m [90m{"using":"xpath","value":"//*[@class = 'android.widget.TextView' and (@text = 'Your story' or . = 'Your story') and @resource-id = 'com.instagram.android:id/username']"}[39m
[38;5;120m[6894dfc4][0m[38;5;86m[HTTP][0m [37m<-- POST /wd/hub/session/6894dfc4-b8cd-44bc-a7f3-0b36d624da58/elements [39m[32m200[39m [90m785 ms - 12[39m [90m[39m
[38;5;120m[6894dfc4][0m[38;5;86m[HTTP][0m [37m-->[39m [37mPOST[39m [37m/wd/hub/session/6894dfc4-b8cd-44bc-a7f3-0b36d624da58/elements[39m [90m{"using":"xpath","value":"//*[@class = 'android.widget.TextView' and (@text = 'Your story' or . = 'Your story') and @resource-id = 'com.instagram.android:id/username']"}[39m
[38;5;120m[6894dfc4][0m[38;5;86m[HTTP][0m [37m<-- POST /wd/hub/session/6894dfc4-b8cd-44bc-a7f3-0b36d624da58/elements [39m[32m200[39m [90m107 ms - 12[39m [90m[39m
[38;5;120m[6894dfc4][0m[38;5;86m[HTTP][0m [37m-->[39m [37mPOST[39m [37m/wd/hub/session/6894dfc4-b8cd-44bc-a7f3-0b36d624da58/elements[39m [90m{"using":"xpath","value":"//*[@class = 'android.widget.TextView' and (@text = 'Your story' or . = 'Your story') and @resource-id = 'com.instagram.android:id/username']"}[39m
[38;5;120m[6894dfc4][0m[38;5;86m[HTTP][0m [37m<-- POST /wd/hub/session/6894dfc4-b8cd-44bc-a7f3-0b36d624da58/elements [39m[32m200[39m [90m98 ms - 12[39m [90m[39m
[38;5;120m[6894dfc4][0m[38;5;86m[HTTP][0m [37m-->[39m [37mPOST[39m [37m/wd/hub/session/6894dfc4-b8cd-44bc-a7f3-0b36d624da58/elements[39m [90m{"using":"xpath","value":"//*[@class = 'android.widget.TextView' and (@text = 'Your story' or . = 'Your story') and @resource-id = 'com.instagram.android:id/username']"}[39m
[38;5;120m[6894dfc4][0m[38;5;86m[HTTP][0m [37m<-- POST /wd/hub/session/6894dfc4-b8cd-44bc-a7f3-0b36d624da58/elements [39m[32m200[39m [90m97 ms - 12[39m [90m[39m
[38;5;120m[6894dfc4][0m[38;5;86m[HTTP][0m [37m-->[39m [37mPOST[39m [37m/wd/hub/session/6894dfc4-b8cd-44bc-a7f3-0b36d624da58/elements[39m [90m{"using":"xpath","value":"//*[@class = 'android.widget.TextView' and (@text = 'Your story' or . = 'Your story') and @resource-id = 'com.instagram.android:id/username']"}[39m
[38;5;120m[6894dfc4][0m[38;5;86m[HTTP][0m [37m<-- POST /wd/hub/session/6894dfc4-b8cd-44bc-a7f3-0b36d624da58/elements [39m[32m200[39m [90m95 ms - 12[39m [90m[39m
[38;5;120m[6894dfc4][0m[38;5;86m[HTTP][0m [37m-->[39m [37mPOST[39m [37m/wd/hub/session/6894dfc4-b8cd-44bc-a7f3-0b36d624da58/elements[39m [90m{"using":"xpath","value":"//*[@class = 'android.widget.TextView' and (@text = 'Your story' or . = 'Your story') and @resource-id = 'com.instagram.android:id/username']"}[39m
[38;5;120m[6894dfc4][0m[38;5;86m[HTTP][0m [37m<-- POST /wd/hub/session/6894dfc4-b8cd-44bc-a7f3-0b36d624da58/elements [39m[32m200[39m [90m93 ms - 12[39m [90m[39m
[38;5;120m[6894dfc4][0m[38;5;86m[HTTP][0m [37m-->[39m [37mPOST[39m [37m/wd/hub/session/6894dfc4-b8cd-44bc-a7f3-0b36d624da58/elements[39m [90m{"using":"xpath","value":"//*[@class = 'android.widget.TextView' and (@text = 'Your story' or . = 'Your story') and @resource-id = 'com.instagram.android:id/username']"}[39m
[38;5;120m[6894dfc4][0m[38;5;86m[HTTP][0m [37m<-- POST /wd/hub/session/6894dfc4-b8cd-44bc-a7f3-0b36d624da58/elements [39m[32m200[39m [90m120 ms - 12[39m [90m[39m
[38;5;120m[6894dfc4][0m[38;5;86m[HTTP][0m [37m-->[39m [37mPOST[39m [37m/wd/hub/session/6894dfc4-b8cd-44bc-a7f3-0b36d624da58/elements[39m [90m{"using":"xpath","value":"//*[@class = 'android.widget.TextView' and (@text = 'Your story' or . = 'Your story') and @resource-id = 'com.instagram.android:id/username']"}[39m
[38;5;120m[6894dfc4][0m[38;5;86m[HTTP][0m [37m<-- POST /wd/hub/session/6894dfc4-b8cd-44bc-a7f3-0b36d624da58/elements [39m[32m200[39m [90m198 ms - 12[39m [90m[39m
[38;5;120m[6894dfc4][0m[38;5;86m[HTTP][0m [37m-->[39m [37mPOST[39m [37m/wd/hub/session/6894dfc4-b8cd-44bc-a7f3-0b36d624da58/elements[39m [90m{"using":"xpath","value":"//*[@class = 'android.widget.TextView' and (@text = 'Your story' or . = 'Your story') and @resource-id = 'com.instagram.android:id/username']"}[39m
[38;5;120m[6894dfc4][0m[38;5;86m[HTTP][0m [37m<-- POST /wd/hub/session/6894dfc4-b8cd-44bc-a7f3-0b36d624da58/elements [39m[32m200[39m [90m187 ms - 12[39m [90m[39m
[38;5;120m[6894dfc4][0m[38;5;86m[HTTP][0m [37m-->[39m [37mPOST[39m [37m/wd/hub/session/6894dfc4-b8cd-44bc-a7f3-0b36d624da58/elements[39m [90m{"using":"xpath","value":"//*[@class = 'android.widget.TextView' and (@text = 'Your story' or . = 'Your story') and @resource-id = 'com.instagram.android:id/username']"}[39m
[38;5;120m[6894dfc4][0m[38;5;86m[HTTP][0m [37m<-- POST /wd/hub/session/6894dfc4-b8cd-44bc-a7f3-0b36d624da58/elements [39m[32m200[39m [90m335 ms - 139[39m [90m[39m
[38;5;120m[6894dfc4][0m[38;5;86m[HTTP][0m [37m-->[39m [37mGET[39m [37m/wd/hub/session/6894dfc4-b8cd-44bc-a7f3-0b36d624da58/element/00000000-0000-094d-ffff-ffff00000558/location[39m [90m{}[39m
[38;5;120m[6894dfc4][0m[38;5;-167m[AndroidUiautomator2Driver@b0c5][0m Driver proxy active, passing request on via HTTP proxy
[38;5;120m[6894dfc4][0m[38;5;-167m[AndroidUiautomator2Driver@b0c5][0m Replacing sessionId 9e82faae-21cc-406f-b040-502869215d81 with 6894dfc4-b8cd-44bc-a7f3-0b36d624da58
[38;5;120m[6894dfc4][0m[38;5;86m[HTTP][0m [37m<-- GET /wd/hub/session/6894dfc4-b8cd-44bc-a7f3-0b36d624da58/element/00000000-0000-094d-ffff-ffff00000558/location [39m[32m200[39m [90m203 ms - 78[39m [90m[39m
[38;5;120m[6894dfc4][0m[38;5;86m[HTTP][0m [37m-->[39m [37mPOST[39m [37m/wd/hub/session/6894dfc4-b8cd-44bc-a7f3-0b36d624da58/timeouts[39m [90m{"implicit":30000}[39m
[38;5;120m[6894dfc4][0m[38;5;86m[HTTP][0m [37m<-- POST /wd/hub/session/6894dfc4-b8cd-44bc-a7f3-0b36d624da58/timeouts [39m[32m200[39m [90m1 ms - 14[39m [90m[39m
[38;5;120m[6894dfc4][0m[38;5;86m[HTTP][0m [37m-->[39m [37mGET[39m [37m/wd/hub/session/6894dfc4-b8cd-44bc-a7f3-0b36d624da58/context[39m [90m{}[39m
[38;5;120m[6894dfc4][0m[38;5;86m[HTTP][0m [37m<-- GET /wd/hub/session/6894dfc4-b8cd-44bc-a7f3-0b36d624da58/context [39m[32m200[39m [90m1 ms - 22[39m [90m[39m
[38;5;120m[6894dfc4][0m[38;5;86m[HTTP][0m [37m-->[39m [37mGET[39m [37m/wd/hub/session/6894dfc4-b8cd-44bc-a7f3-0b36d624da58/contexts[39m [90m{}[39m
[38;5;120m[6894dfc4][0m[38;5;86m[HTTP][0m [37m<-- GET /wd/hub/session/6894dfc4-b8cd-44bc-a7f3-0b36d624da58/contexts [39m[32m200[39m [90m115 ms - 41[39m [90m[39m
[38;5;120m[6894dfc4][0m[38;5;86m[HTTP][0m [37m-->[39m [37mPOST[39m [37m/wd/hub/session/6894dfc4-b8cd-44bc-a7f3-0b36d624da58/context[39m [90m{"name":"NATIVE_APP"}[39m
[38;5;120m[6894dfc4][0m[38;5;86m[HTTP][0m [37m<-- POST /wd/hub/session/6894dfc4-b8cd-44bc-a7f3-0b36d624da58/context [39m[32m200[39m [90m1 ms - 14[39m [90m[39m
[38;5;120m[6894dfc4][0m[38;5;86m[HTTP][0m [37m-->[39m [37mGET[39m [37m/wd/hub/session/6894dfc4-b8cd-44bc-a7f3-0b36d624da58/appium/device/current_package[39m [90m{}[39m
[38;5;120m[6894dfc4][0m[38;5;86m[HTTP][0m [37m<-- GET /wd/hub/session/6894dfc4-b8cd-44bc-a7f3-0b36d624da58/appium/device/current_package [39m[32m200[39m [90m68 ms - 33[39m [90m[39m
[38;5;120m[6894dfc4][0m[38;5;86m[HTTP][0m [37m-->[39m [37mPOST[39m [37m/wd/hub/session/6894dfc4-b8cd-44bc-a7f3-0b36d624da58/appium/device/terminate_app[39m [90m{"bundleId":"com.instagram.android"}[39m
[38;5;120m[6894dfc4][0m[38;5;-167m[AndroidUiautomator2Driver@b0c5][0m Terminating 'com.instagram.android'
[38;5;120m[6894dfc4][0m[38;5;-167m[AndroidUiautomator2Driver@b0c5][0m Querying the state of 'com.instagram.android'
[38;5;120m[6894dfc4][0m[38;5;-167m[AndroidUiautomator2Driver@b0c5][0m 'com.instagram.android' has been successfully terminated
[38;5;120m[6894dfc4][0m[38;5;86m[HTTP][0m [37m<-- POST /wd/hub/session/6894dfc4-b8cd-44bc-a7f3-0b36d624da58/appium/device/terminate_app [39m[32m200[39m [90m611 ms - 14[39m [90m[39m
[38;5;120m[6894dfc4][0m[38;5;86m[HTTP][0m [37m-->[39m [37mPOST[39m [37m/wd/hub/session/6894dfc4-b8cd-44bc-a7f3-0b36d624da58/context[39m [90m{"name":"NATIVE_APP"}[39m
[38;5;120m[6894dfc4][0m[38;5;86m[HTTP][0m [37m<-- POST /wd/hub/session/6894dfc4-b8cd-44bc-a7f3-0b36d624da58/context [39m[32m200[39m [90m1 ms - 14[39m [90m[39m
[38;5;120m[6894dfc4][0m[38;5;86m[HTTP][0m [37m-->[39m [37mDELETE[39m [37m/wd/hub/session/6894dfc4-b8cd-44bc-a7f3-0b36d624da58[39m [90m{}[39m
[38;5;120m[6894dfc4][0m[38;5;150m[AppiumDriver@14e6][0m Removing session 6894dfc4-b8cd-44bc-a7f3-0b36d624da58 from our master session list
[38;5;120m[6894dfc4][0m[38;5;-167m[AndroidUiautomator2Driver@b0c5][0m Restoring hidden api policy to the device default configuration
[38;5;120m[6894dfc4][0m[38;5;86m[HTTP][0m [37m<-- DELETE /wd/hub/session/6894dfc4-b8cd-44bc-a7f3-0b36d624da58 [39m[32m200[39m [90m471 ms - 14[39m [90m[39m
