[38;5;112m[Appium][0m Welcome to Appium v2.11.3
[38;5;112m[Appium][0m Non-default server args:
[38;5;112m[Appium][0m { basePath: [32m'/wd/hub'[39m, loglevel: [32m'info'[39m, port: [33m52939[39m }
[38;5;112m[Appium][0m Attempting to load driver uiautomator2...
[38;5;112m[Appium][0m Appium REST http interface listener started on http://0.0.0.0:52939/wd/hub
[38;5;112m[Appium][0m You can provide the following URLs in your client code to connect to this server:
	http://192.168.31.129:52939/wd/hub
	http://127.0.0.1:52939/wd/hub (only accessible from the same host)
[38;5;112m[Appium][0m Available drivers:
[38;5;112m[Appium][0m   - uiautomator2@3.7.7 (automationName 'UiAutomator2')
[38;5;112m[Appium][0m No plugins have been installed. Use the "appium plugin" command to install the one(s) you want to use.
[38;5;86m[HTTP][0m [37m-->[39m [37mGET[39m [37m/wd/hub/status[39m [90m{}[39m
[38;5;86m[HTTP][0m [37m<-- GET /wd/hub/status [39m[32m200[39m [90m15 ms - 111[39m [90m[39m
[38;5;86m[HTTP][0m [37m-->[39m [37mPOST[39m [37m/wd/hub/session[39m [90m{"desiredCapabilities":{"appium:systemPort":8233,"appium:udid":"b48830f","appium:autoGrantPermissions":true,"appium:newCommandTimeout":1800,"appium:platformName":"ANDROID","appium:appActivity":".Settings","appium:deviceName":"realme RMX3370 (Android 13)","platformName":"Android","appium:automationName":"uiautomator2","appium:platformVersion":"13","appium:appPackage":"com.android.settings"},"capabilities":{"firstMatch":[{"appium:appActivity":".Settings","appium:appPackage":"com.android.settings","appium:autoGrantPermissions":true,"appium:automationName":"uiautomator2","appium:deviceName":"realme RMX3370 (Android 13)","appium:newCommandTimeout":1800,"appium:platformName":"ANDROID","appium:platformVersion":"13","appium:systemPort":8233,"appium:udid":"b48830f","platformName":"android"}]}}[39m
[38;5;123m[BaseDriver][0m Ignoring capability 'appium:platformName=ANDROID' and using capability 'platformName=android'
[38;5;123m[BaseDriver][0m The capabilities ["platformName"] are standard capabilities and do not require "appium:" prefix
[38;5;112m[Appium][0m Attempting to find matching driver for automationName 'uiautomator2' and platformName 'android'
[38;5;112m[Appium][0m The 'uiautomator2' driver was installed and matched caps.
[38;5;112m[Appium][0m Will require it at C:\Users\VHI 4\.appium\node_modules\appium-uiautomator2-driver
[38;5;213m[AppiumDriver@eb1a][0m Appium v2.11.3 creating new AndroidUiautomator2Driver (v3.7.7) session
[38;5;213m[AppiumDriver@eb1a][0m Checking BaseDriver versions for Appium and AndroidUiautomator2Driver
[38;5;213m[AppiumDriver@eb1a][0m Appium's BaseDriver version is 9.11.3
[38;5;213m[AppiumDriver@eb1a][0m AndroidUiautomator2Driver's BaseDriver version is 9.11.3
[38;5;109m[3a1e1f15][0m[38;5;0m[AndroidUiautomator2Driver@1d9c][0m Session created with session id: 3a1e1f15-83e8-4760-9d27-80f8e632e1e0
[38;5;109m[3a1e1f15][0m[38;5;229m[ADB][0m Found 1 'build-tools' folders under 'C:\Users\VHI 4\.katalon\tools\android_sdk' (newest first):
[38;5;109m[3a1e1f15][0m[38;5;229m[ADB][0m     C:\Users\VHI 4\.katalon\tools\android_sdk\build-tools\29.0.3
[38;5;109m[3a1e1f15][0m[38;5;229m[ADB][0m Using 'adb.exe' from 'C:\Users\VHI 4\.katalon\tools\android_sdk\platform-tools\adb.exe'
[38;5;109m[3a1e1f15][0m[38;5;0m[AndroidUiautomator2Driver@1d9c][0m Retrieving device list
[38;5;109m[3a1e1f15][0m[38;5;0m[AndroidUiautomator2Driver@1d9c][0m Using device: b48830f
[38;5;109m[3a1e1f15][0m[38;5;229m[ADB][0m Using 'adb.exe' from 'C:\Users\VHI 4\.katalon\tools\android_sdk\platform-tools\adb.exe'
[38;5;109m[3a1e1f15][0m[38;5;0m[AndroidUiautomator2Driver@1d9c][0m Starting 'com.android.settings' directly on the device
[38;5;109m[3a1e1f15][0m[38;5;229m[ADB][0m Getting device platform version
[38;5;109m[3a1e1f15][0m[38;5;0m[AndroidUiautomator2Driver@1d9c][0m Relaxing hidden api policy
[38;5;109m[3a1e1f15][0m[38;5;0m[AndroidUiautomator2Driver@1d9c][0m No app sent in, not parsing package/activity
[38;5;109m[3a1e1f15][0m[38;5;229m[ADB][0m Using 'aapt2.exe' from 'C:\Users\VHI 4\.katalon\tools\android_sdk\build-tools\29.0.3\aapt2.exe'
[38;5;109m[3a1e1f15][0m[38;5;0m[AndroidUiautomator2Driver@1d9c][0m Server packages are not going to be (re)installed
[38;5;109m[3a1e1f15][0m[38;5;229m[ADB][0m Adding packages ["io.appium.settings","io.appium.uiautomator2.server","io.appium.uiautomator2.server.test"] to Doze whitelist
[38;5;109m[3a1e1f15][0m[38;5;0m[AndroidUiautomator2Driver@1d9c][0m Starting UIAutomator2 server 7.0.22
[38;5;109m[3a1e1f15][0m[38;5;0m[AndroidUiautomator2Driver@1d9c][0m Using UIAutomator2 server from 'C:\Users\VHI 4\.appium\node_modules\appium-uiautomator2-driver\node_modules\appium-uiautomator2-server\apks\appium-uiautomator2-server-v7.0.22.apk' and test from 'C:\Users\VHI 4\.appium\node_modules\appium-uiautomator2-driver\node_modules\appium-uiautomator2-server\apks\appium-uiautomator2-server-debug-androidTest.apk'
[38;5;109m[3a1e1f15][0m[38;5;0m[AndroidUiautomator2Driver@1d9c][0m Waiting up to 30000ms for UiAutomator2 to be online...
[38;5;109m[3a1e1f15][0m[38;5;0m[AndroidUiautomator2Driver@1d9c][0m socket hang up
[38;5;109m[3a1e1f15][0m[38;5;0m[AndroidUiautomator2Driver@1d9c][0m socket hang up
[38;5;109m[3a1e1f15][0m[38;5;0m[AndroidUiautomator2Driver@1d9c][0m socket hang up
[38;5;109m[3a1e1f15][0m[38;5;0m[AndroidUiautomator2Driver@1d9c][0m Determined the downstream protocol as 'W3C'
[38;5;109m[3a1e1f15][0m[38;5;0m[AndroidUiautomator2Driver@1d9c][0m Screen already unlocked, doing nothing
[38;5;109m[3a1e1f15][0m[38;5;0m[AndroidUiautomator2Driver@1d9c][0m Starting 'com.android.settings/.Settings and waiting for 'com.android.settings/.Settings'
[38;5;109m[3a1e1f15][0m[38;5;213m[AppiumDriver@eb1a][0m New AndroidUiautomator2Driver session created successfully, session 3a1e1f15-83e8-4760-9d27-80f8e632e1e0 added to master session list
[38;5;109m[3a1e1f15][0m[38;5;86m[HTTP][0m [37m<-- POST /wd/hub/session [39m[32m200[39m [90m7745 ms - 1065[39m [90m[39m
[38;5;109m[3a1e1f15][0m[38;5;86m[HTTP][0m [37m-->[39m [37mGET[39m [37m/wd/hub/session/3a1e1f15-83e8-4760-9d27-80f8e632e1e0[39m [90m{}[39m
[38;5;109m[3a1e1f15][0m[38;5;86m[HTTP][0m [37m<-- GET /wd/hub/session/3a1e1f15-83e8-4760-9d27-80f8e632e1e0 [39m[32m200[39m [90m16 ms - 306[39m [90m[39m
[38;5;109m[3a1e1f15][0m[38;5;86m[HTTP][0m [37m-->[39m [37mGET[39m [37m/wd/hub/session/3a1e1f15-83e8-4760-9d27-80f8e632e1e0[39m [90m{}[39m
[38;5;109m[3a1e1f15][0m[38;5;86m[HTTP][0m [37m<-- GET /wd/hub/session/3a1e1f15-83e8-4760-9d27-80f8e632e1e0 [39m[32m200[39m [90m11 ms - 306[39m [90m[39m
[38;5;86m[HTTP][0m [37m-->[39m [37mGET[39m [37m/wd/hub/status[39m [90m{}[39m
[38;5;86m[HTTP][0m [37m<-- GET /wd/hub/status [39m[32m200[39m [90m1 ms - 111[39m [90m[39m
[38;5;109m[3a1e1f15][0m[38;5;86m[HTTP][0m [37m-->[39m [37mPOST[39m [37m/wd/hub/session/3a1e1f15-83e8-4760-9d27-80f8e632e1e0/timeouts[39m [90m{"implicit":30000}[39m
[38;5;109m[3a1e1f15][0m[38;5;86m[HTTP][0m [37m<-- POST /wd/hub/session/3a1e1f15-83e8-4760-9d27-80f8e632e1e0/timeouts [39m[32m200[39m [90m4 ms - 14[39m [90m[39m
[38;5;109m[3a1e1f15][0m[38;5;86m[HTTP][0m [37m-->[39m [37mGET[39m [37m/wd/hub/session/3a1e1f15-83e8-4760-9d27-80f8e632e1e0/appium/device/system_bars[39m [90m{}[39m
[38;5;109m[3a1e1f15][0m[38;5;86m[HTTP][0m [37m<-- GET /wd/hub/session/3a1e1f15-83e8-4760-9d27-80f8e632e1e0/appium/device/system_bars [39m[32m200[39m [90m92 ms - 152[39m [90m[39m
[38;5;109m[3a1e1f15][0m[38;5;86m[HTTP][0m [37m-->[39m [37mPOST[39m [37m/wd/hub/session/3a1e1f15-83e8-4760-9d27-80f8e632e1e0/appium/device/activate_app[39m [90m{"bundleId":"com.instagram.android"}[39m
[38;5;109m[3a1e1f15][0m[38;5;86m[HTTP][0m [37m<-- POST /wd/hub/session/3a1e1f15-83e8-4760-9d27-80f8e632e1e0/appium/device/activate_app [39m[32m200[39m [90m171 ms - 14[39m [90m[39m
[38;5;109m[3a1e1f15][0m[38;5;86m[HTTP][0m [37m-->[39m [37mPOST[39m [37m/wd/hub/session/3a1e1f15-83e8-4760-9d27-80f8e632e1e0/timeouts[39m [90m{"implicit":50}[39m
[38;5;109m[3a1e1f15][0m[38;5;86m[HTTP][0m [37m<-- POST /wd/hub/session/3a1e1f15-83e8-4760-9d27-80f8e632e1e0/timeouts [39m[32m200[39m [90m2 ms - 14[39m [90m[39m
[38;5;109m[3a1e1f15][0m[38;5;86m[HTTP][0m [37m-->[39m [37mGET[39m [37m/wd/hub/session/3a1e1f15-83e8-4760-9d27-80f8e632e1e0/window/rect[39m [90m{}[39m
[38;5;109m[3a1e1f15][0m[38;5;86m[HTTP][0m [37m<-- GET /wd/hub/session/3a1e1f15-83e8-4760-9d27-80f8e632e1e0/window/rect [39m[32m200[39m [90m16 ms - 50[39m [90m[39m
[38;5;109m[3a1e1f15][0m[38;5;86m[HTTP][0m [37m-->[39m [37mPOST[39m [37m/wd/hub/session/3a1e1f15-83e8-4760-9d27-80f8e632e1e0/elements[39m [90m{"using":"xpath","value":"//*[@class = 'android.view.View' and (@text = 'Log in to another account' or . = 'Log in to another account')]"}[39m
[38;5;109m[3a1e1f15][0m[38;5;86m[HTTP][0m [37m<-- POST /wd/hub/session/3a1e1f15-83e8-4760-9d27-80f8e632e1e0/elements [39m[32m200[39m [90m1809 ms - 12[39m [90m[39m
[38;5;109m[3a1e1f15][0m[38;5;86m[HTTP][0m [37m-->[39m [37mPOST[39m [37m/wd/hub/session/3a1e1f15-83e8-4760-9d27-80f8e632e1e0/elements[39m [90m{"using":"xpath","value":"//*[@class = 'android.view.View' and (@text = 'Log in to another account' or . = 'Log in to another account')]"}[39m
[38;5;109m[3a1e1f15][0m[38;5;86m[HTTP][0m [37m<-- POST /wd/hub/session/3a1e1f15-83e8-4760-9d27-80f8e632e1e0/elements [39m[32m200[39m [90m2035 ms - 12[39m [90m[39m
[38;5;109m[3a1e1f15][0m[38;5;86m[HTTP][0m [37m-->[39m [37mPOST[39m [37m/wd/hub/session/3a1e1f15-83e8-4760-9d27-80f8e632e1e0/timeouts[39m [90m{"implicit":30000}[39m
[38;5;109m[3a1e1f15][0m[38;5;86m[HTTP][0m [37m<-- POST /wd/hub/session/3a1e1f15-83e8-4760-9d27-80f8e632e1e0/timeouts [39m[32m200[39m [90m3 ms - 14[39m [90m[39m
[38;5;109m[3a1e1f15][0m[38;5;86m[HTTP][0m [37m-->[39m [37mPOST[39m [37m/wd/hub/session/3a1e1f15-83e8-4760-9d27-80f8e632e1e0/timeouts[39m [90m{"implicit":50}[39m
[38;5;109m[3a1e1f15][0m[38;5;86m[HTTP][0m [37m<-- POST /wd/hub/session/3a1e1f15-83e8-4760-9d27-80f8e632e1e0/timeouts [39m[32m200[39m [90m3 ms - 14[39m [90m[39m
[38;5;109m[3a1e1f15][0m[38;5;86m[HTTP][0m [37m-->[39m [37mGET[39m [37m/wd/hub/session/3a1e1f15-83e8-4760-9d27-80f8e632e1e0/window/rect[39m [90m{}[39m
[38;5;109m[3a1e1f15][0m[38;5;86m[HTTP][0m [37m<-- GET /wd/hub/session/3a1e1f15-83e8-4760-9d27-80f8e632e1e0/window/rect [39m[32m200[39m [90m14 ms - 50[39m [90m[39m
[38;5;109m[3a1e1f15][0m[38;5;86m[HTTP][0m [37m-->[39m [37mPOST[39m [37m/wd/hub/session/3a1e1f15-83e8-4760-9d27-80f8e632e1e0/elements[39m [90m{"using":"xpath","value":"//*[@class = 'android.view.View' and (@text = 'Log in to another account' or . = 'Log in to another account')]"}[39m
[38;5;109m[3a1e1f15][0m[38;5;86m[HTTP][0m [37m<-- POST /wd/hub/session/3a1e1f15-83e8-4760-9d27-80f8e632e1e0/elements [39m[32m200[39m [90m4563 ms - 12[39m [90m[39m
[38;5;109m[3a1e1f15][0m[38;5;86m[HTTP][0m [37m-->[39m [37mPOST[39m [37m/wd/hub/session/3a1e1f15-83e8-4760-9d27-80f8e632e1e0/timeouts[39m [90m{"implicit":30000}[39m
[38;5;109m[3a1e1f15][0m[38;5;86m[HTTP][0m [37m<-- POST /wd/hub/session/3a1e1f15-83e8-4760-9d27-80f8e632e1e0/timeouts [39m[32m200[39m [90m3 ms - 14[39m [90m[39m
[38;5;109m[3a1e1f15][0m[38;5;86m[HTTP][0m [37m-->[39m [37mGET[39m [37m/wd/hub/session/3a1e1f15-83e8-4760-9d27-80f8e632e1e0/context[39m [90m{}[39m
[38;5;109m[3a1e1f15][0m[38;5;86m[HTTP][0m [37m<-- GET /wd/hub/session/3a1e1f15-83e8-4760-9d27-80f8e632e1e0/context [39m[32m200[39m [90m2 ms - 22[39m [90m[39m
[38;5;109m[3a1e1f15][0m[38;5;86m[HTTP][0m [37m-->[39m [37mGET[39m [37m/wd/hub/session/3a1e1f15-83e8-4760-9d27-80f8e632e1e0/contexts[39m [90m{}[39m
[38;5;109m[3a1e1f15][0m[38;5;86m[HTTP][0m [37m<-- GET /wd/hub/session/3a1e1f15-83e8-4760-9d27-80f8e632e1e0/contexts [39m[32m200[39m [90m240 ms - 41[39m [90m[39m
[38;5;109m[3a1e1f15][0m[38;5;86m[HTTP][0m [37m-->[39m [37mPOST[39m [37m/wd/hub/session/3a1e1f15-83e8-4760-9d27-80f8e632e1e0/context[39m [90m{"name":"NATIVE_APP"}[39m
[38;5;109m[3a1e1f15][0m[38;5;86m[HTTP][0m [37m<-- POST /wd/hub/session/3a1e1f15-83e8-4760-9d27-80f8e632e1e0/context [39m[32m200[39m [90m2 ms - 14[39m [90m[39m
[38;5;109m[3a1e1f15][0m[38;5;86m[HTTP][0m [37m-->[39m [37mGET[39m [37m/wd/hub/session/3a1e1f15-83e8-4760-9d27-80f8e632e1e0/screenshot[39m [90m{}[39m
[38;5;109m[3a1e1f15][0m[38;5;86m[HTTP][0m [37m<-- GET /wd/hub/session/3a1e1f15-83e8-4760-9d27-80f8e632e1e0/screenshot [39m[32m200[39m [90m285 ms - 40260[39m [90m[39m
[38;5;109m[3a1e1f15][0m[38;5;86m[HTTP][0m [37m-->[39m [37mPOST[39m [37m/wd/hub/session/3a1e1f15-83e8-4760-9d27-80f8e632e1e0/context[39m [90m{"name":"NATIVE_APP"}[39m
[38;5;109m[3a1e1f15][0m[38;5;86m[HTTP][0m [37m<-- POST /wd/hub/session/3a1e1f15-83e8-4760-9d27-80f8e632e1e0/context [39m[32m200[39m [90m4 ms - 14[39m [90m[39m
[38;5;109m[3a1e1f15][0m[38;5;86m[HTTP][0m [37m-->[39m [37mGET[39m [37m/wd/hub/session/3a1e1f15-83e8-4760-9d27-80f8e632e1e0/context[39m [90m{}[39m
[38;5;109m[3a1e1f15][0m[38;5;86m[HTTP][0m [37m<-- GET /wd/hub/session/3a1e1f15-83e8-4760-9d27-80f8e632e1e0/context [39m[32m200[39m [90m2 ms - 22[39m [90m[39m
[38;5;109m[3a1e1f15][0m[38;5;86m[HTTP][0m [37m-->[39m [37mGET[39m [37m/wd/hub/session/3a1e1f15-83e8-4760-9d27-80f8e632e1e0/contexts[39m [90m{}[39m
[38;5;109m[3a1e1f15][0m[38;5;86m[HTTP][0m [37m<-- GET /wd/hub/session/3a1e1f15-83e8-4760-9d27-80f8e632e1e0/contexts [39m[32m200[39m [90m169 ms - 41[39m [90m[39m
[38;5;109m[3a1e1f15][0m[38;5;86m[HTTP][0m [37m-->[39m [37mPOST[39m [37m/wd/hub/session/3a1e1f15-83e8-4760-9d27-80f8e632e1e0/context[39m [90m{"name":"NATIVE_APP"}[39m
[38;5;109m[3a1e1f15][0m[38;5;86m[HTTP][0m [37m<-- POST /wd/hub/session/3a1e1f15-83e8-4760-9d27-80f8e632e1e0/context [39m[32m200[39m [90m2 ms - 14[39m [90m[39m
[38;5;109m[3a1e1f15][0m[38;5;86m[HTTP][0m [37m-->[39m [37mGET[39m [37m/wd/hub/session/3a1e1f15-83e8-4760-9d27-80f8e632e1e0/screenshot[39m [90m{}[39m
[38;5;109m[3a1e1f15][0m[38;5;86m[HTTP][0m [37m<-- GET /wd/hub/session/3a1e1f15-83e8-4760-9d27-80f8e632e1e0/screenshot [39m[32m200[39m [90m515 ms - 778552[39m [90m[39m
[38;5;109m[3a1e1f15][0m[38;5;86m[HTTP][0m [37m-->[39m [37mPOST[39m [37m/wd/hub/session/3a1e1f15-83e8-4760-9d27-80f8e632e1e0/context[39m [90m{"name":"NATIVE_APP"}[39m
[38;5;109m[3a1e1f15][0m[38;5;86m[HTTP][0m [37m<-- POST /wd/hub/session/3a1e1f15-83e8-4760-9d27-80f8e632e1e0/context [39m[32m200[39m [90m3 ms - 14[39m [90m[39m
[38;5;86m[HTTP][0m [37m-->[39m [37mGET[39m [37m/wd/hub/status[39m [90m{}[39m
[38;5;86m[HTTP][0m [37m<-- GET /wd/hub/status [39m[32m200[39m [90m1 ms - 111[39m [90m[39m
[38;5;86m[HTTP][0m [37m-->[39m [37mPOST[39m [37m/wd/hub/session[39m [90m{"desiredCapabilities":{"appium:systemPort":8271,"appium:udid":"b48830f","appium:autoGrantPermissions":true,"appium:newCommandTimeout":1800,"appium:platformName":"ANDROID","appium:appActivity":".Settings","appium:deviceName":"realme RMX3370 (Android 13)","platformName":"Android","appium:automationName":"uiautomator2","appium:platformVersion":"13","appium:appPackage":"com.android.settings"},"capabilities":{"firstMatch":[{"appium:appActivity":".Settings","appium:appPackage":"com.android.settings","appium:autoGrantPermissions":true,"appium:automationName":"uiautomator2","appium:deviceName":"realme RMX3370 (Android 13)","appium:newCommandTimeout":1800,"appium:platformName":"ANDROID","appium:platformVersion":"13","appium:systemPort":8271,"appium:udid":"b48830f","platformName":"android"}]}}[39m
[38;5;123m[BaseDriver][0m Ignoring capability 'appium:platformName=ANDROID' and using capability 'platformName=android'
[38;5;123m[BaseDriver][0m The capabilities ["platformName"] are standard capabilities and do not require "appium:" prefix
[38;5;112m[Appium][0m Attempting to find matching driver for automationName 'uiautomator2' and platformName 'android'
[38;5;112m[Appium][0m The 'uiautomator2' driver was installed and matched caps.
[38;5;112m[Appium][0m Will require it at C:\Users\VHI 4\.appium\node_modules\appium-uiautomator2-driver
[38;5;213m[AppiumDriver@eb1a][0m Appium v2.11.3 creating new AndroidUiautomator2Driver (v3.7.7) session
[38;5;213m[AppiumDriver@eb1a][0m Checking BaseDriver versions for Appium and AndroidUiautomator2Driver
[38;5;213m[AppiumDriver@eb1a][0m Appium's BaseDriver version is 9.11.3
[38;5;213m[AppiumDriver@eb1a][0m AndroidUiautomator2Driver's BaseDriver version is 9.11.3
[38;5;51m[50b2a485][0m[38;5;-158m[AndroidUiautomator2Driver@b221][0m Session created with session id: 50b2a485-9473-4c96-b121-3bcfe6114d06
[38;5;51m[50b2a485][0m[38;5;229m[ADB][0m Using 'adb.exe' from 'C:\Users\VHI 4\.katalon\tools\android_sdk\platform-tools\adb.exe'
[38;5;51m[50b2a485][0m[38;5;-158m[AndroidUiautomator2Driver@b221][0m Retrieving device list
[38;5;51m[50b2a485][0m[38;5;-158m[AndroidUiautomator2Driver@b221][0m Using device: b48830f
[38;5;51m[50b2a485][0m[38;5;229m[ADB][0m Using 'adb.exe' from 'C:\Users\VHI 4\.katalon\tools\android_sdk\platform-tools\adb.exe'
[38;5;51m[50b2a485][0m[38;5;-158m[AndroidUiautomator2Driver@b221][0m Starting 'com.android.settings' directly on the device
[38;5;51m[50b2a485][0m[38;5;229m[ADB][0m Getting device platform version
[38;5;51m[50b2a485][0m[38;5;-158m[AndroidUiautomator2Driver@b221][0m Relaxing hidden api policy
[38;5;51m[50b2a485][0m[38;5;-158m[AndroidUiautomator2Driver@b221][0m No app sent in, not parsing package/activity
[38;5;51m[50b2a485][0m[38;5;229m[ADB][0m Using 'aapt2.exe' from 'C:\Users\VHI 4\.katalon\tools\android_sdk\build-tools\29.0.3\aapt2.exe'
[38;5;51m[50b2a485][0m[38;5;-158m[AndroidUiautomator2Driver@b221][0m Server packages are not going to be (re)installed
[38;5;51m[50b2a485][0m[38;5;229m[ADB][0m Adding packages ["io.appium.settings","io.appium.uiautomator2.server","io.appium.uiautomator2.server.test"] to Doze whitelist
[38;5;51m[50b2a485][0m[38;5;-158m[AndroidUiautomator2Driver@b221][0m Starting UIAutomator2 server 7.0.22
[38;5;51m[50b2a485][0m[38;5;-158m[AndroidUiautomator2Driver@b221][0m Using UIAutomator2 server from 'C:\Users\VHI 4\.appium\node_modules\appium-uiautomator2-driver\node_modules\appium-uiautomator2-server\apks\appium-uiautomator2-server-v7.0.22.apk' and test from 'C:\Users\VHI 4\.appium\node_modules\appium-uiautomator2-driver\node_modules\appium-uiautomator2-server\apks\appium-uiautomator2-server-debug-androidTest.apk'
[38;5;51m[50b2a485][0m[38;5;-158m[AndroidUiautomator2Driver@b221][0m Waiting up to 30000ms for UiAutomator2 to be online...
[38;5;51m[50b2a485][0m[38;5;-158m[AndroidUiautomator2Driver@b221][0m socket hang up
[38;5;51m[50b2a485][0m[38;5;-158m[AndroidUiautomator2Driver@b221][0m socket hang up
[38;5;86m[HTTP][0m [37m<-- POST /wd/hub/session [39m[32m-[39m [90m- ms - -[39m [90m[39m
[38;5;51m[50b2a485][0m[38;5;-158m[AndroidUiautomator2Driver@b221][0m socket hang up
[38;5;51m[50b2a485][0m[38;5;-158m[AndroidUiautomator2Driver@b221][0m Determined the downstream protocol as 'W3C'
[38;5;51m[50b2a485][0m[38;5;-158m[AndroidUiautomator2Driver@b221][0m Screen already unlocked, doing nothing
[38;5;51m[50b2a485][0m[38;5;-158m[AndroidUiautomator2Driver@b221][0m Starting 'com.android.settings/.Settings and waiting for 'com.android.settings/.Settings'
[38;5;51m[50b2a485][0m[38;5;213m[AppiumDriver@eb1a][0m New AndroidUiautomator2Driver session created successfully, session 50b2a485-9473-4c96-b121-3bcfe6114d06 added to master session list
[38;5;109m[3a1e1f15][0m[38;5;0m[AndroidUiautomator2Driver@1d9c][0m Shutting down because we waited 1800 seconds for a command
[38;5;109m[3a1e1f15][0m[38;5;213m[AppiumDriver@eb1a][0m Ending session, cause was 'New Command Timeout of 1800 seconds expired. Try customizing the timeout using the 'newCommandTimeout' desired capability'
[38;5;109m[3a1e1f15][0m[38;5;213m[AppiumDriver@eb1a][0m Removing session '3a1e1f15-83e8-4760-9d27-80f8e632e1e0' from our master session list
[38;5;109m[3a1e1f15][0m[38;5;0m[AndroidUiautomator2Driver@1d9c][0m Did not get confirmation UiAutomator2 deleteSession worked; Error was: UnknownError: An unknown server-side error occurred while processing the command. Original error: 'DELETE /' cannot be proxied to UiAutomator2 server because the instrumentation process is not running (probably crashed). Check the server log and/or the logcat output for more details
[38;5;109m[3a1e1f15][0m[38;5;0m[AndroidUiautomator2Driver@1d9c][0m Restoring hidden api policy to the device default configuration
[38;5;51m[50b2a485][0m[38;5;-158m[AndroidUiautomator2Driver@b221][0m Shutting down because we waited 1800 seconds for a command
[38;5;51m[50b2a485][0m[38;5;213m[AppiumDriver@eb1a][0m Ending session, cause was 'New Command Timeout of 1800 seconds expired. Try customizing the timeout using the 'newCommandTimeout' desired capability'
[38;5;51m[50b2a485][0m[38;5;213m[AppiumDriver@eb1a][0m Removing session '50b2a485-9473-4c96-b121-3bcfe6114d06' from our master session list
[38;5;51m[50b2a485][0m[38;5;-158m[AndroidUiautomator2Driver@b221][0m Did not get confirmation UiAutomator2 deleteSession worked; Error was: UnknownError: An unknown server-side error occurred while processing the command. Original error: 'DELETE /' cannot be proxied to UiAutomator2 server because the instrumentation process is not running (probably crashed). Check the server log and/or the logcat output for more details
[38;5;51m[50b2a485][0m[38;5;-158m[AndroidUiautomator2Driver@b221][0m Restoring hidden api policy to the device default configuration
[38;5;112m[Appium][0m Received SIGINT - shutting down
[38;5;86m[HTTP][0m Closing Appium HTTP server
[38;5;86m[HTTP][0m Appium HTTP server has been succesfully closed after 99ms
